{"/home/haricb/Downloads/blink1/src/App.tsx": {"path":"/home/haricb/Downloads/blink1/src/App.tsx","statementMap":{"0":{"start":{"line":22,"column":2},"end":{"line":22,"column":49}},"1":{"start":{"line":23,"column":2},"end":{"line":42,"column":4}}},"fnMap":{"0":{"name":"App","decl":{"start":{"line":21,"column":9},"end":{"line":21,"column":12}},"loc":{"start":{"line":21,"column":15},"end":{"line":43,"column":1}},"line":21}},"branchMap":{},"s":{"0":3,"1":3},"f":{"0":3},"b":{},"_coverageSchema":"1a1c01bbd47fc00a2c39e90264f33305004495a9","hash":"c0beda95cf9d536bc0323eeac4ec34d07f398527"}
,"/home/haricb/Downloads/blink1/src/cardStyle.tsx": {"path":"/home/haricb/Downloads/blink1/src/cardStyle.tsx","statementMap":{"0":{"start":{"line":5,"column":17},"end":{"line":94,"column":2}}},"fnMap":{},"branchMap":{},"s":{"0":5},"f":{},"b":{},"_coverageSchema":"1a1c01bbd47fc00a2c39e90264f33305004495a9","hash":"b811a566925b5aae51a899dd8caf8027bc822eee"}
,"/home/haricb/Downloads/blink1/src/footerStyle.tsx": {"path":"/home/haricb/Downloads/blink1/src/footerStyle.tsx","statementMap":{"0":{"start":{"line":3,"column":17},"end":{"line":26,"column":2}}},"fnMap":{},"branchMap":{},"s":{"0":5},"f":{},"b":{},"_coverageSchema":"1a1c01bbd47fc00a2c39e90264f33305004495a9","hash":"bcaf8b7b781b754f342361b17acb610f06433bcd"}
,"/home/haricb/Downloads/blink1/src/index.tsx": {"path":"/home/haricb/Downloads/blink1/src/index.tsx","statementMap":{"0":{"start":{"line":7,"column":0},"end":{"line":12,"column":2}},"1":{"start":{"line":17,"column":0},"end":{"line":17,"column":18}}},"fnMap":{},"branchMap":{},"s":{"0":0,"1":0},"f":{},"b":{}}
,"/home/haricb/Downloads/blink1/src/navStyle.tsx": {"path":"/home/haricb/Downloads/blink1/src/navStyle.tsx","statementMap":{"0":{"start":{"line":2,"column":18},"end":{"line":50,"column":2}}},"fnMap":{},"branchMap":{},"s":{"0":5},"f":{},"b":{},"_coverageSchema":"1a1c01bbd47fc00a2c39e90264f33305004495a9","hash":"775cf3121b3fb14737752a40471f5aa0ad6d4bc7"}
,"/home/haricb/Downloads/blink1/src/reportWebVitals.ts": {"path":"/home/haricb/Downloads/blink1/src/reportWebVitals.ts","statementMap":{"0":{"start":{"line":3,"column":24},"end":{"line":13,"column":1}},"1":{"start":{"line":4,"column":2},"end":{"line":12,"column":3}},"2":{"start":{"line":5,"column":4},"end":{"line":11,"column":7}},"3":{"start":{"line":6,"column":6},"end":{"line":6,"column":26}},"4":{"start":{"line":7,"column":6},"end":{"line":7,"column":26}},"5":{"start":{"line":8,"column":6},"end":{"line":8,"column":26}},"6":{"start":{"line":9,"column":6},"end":{"line":9,"column":26}},"7":{"start":{"line":10,"column":6},"end":{"line":10,"column":27}}},"fnMap":{"0":{"name":"(anonymous_0)","decl":{"start":{"line":3,"column":24},"end":{"line":3,"column":25}},"loc":{"start":{"line":3,"column":57},"end":{"line":13,"column":1}},"line":3},"1":{"name":"(anonymous_1)","decl":{"start":{"line":5,"column":30},"end":{"line":5,"column":31}},"loc":{"start":{"line":5,"column":79},"end":{"line":11,"column":5}},"line":5}},"branchMap":{"0":{"loc":{"start":{"line":4,"column":2},"end":{"line":12,"column":3}},"type":"if","locations":[{"start":{"line":4,"column":2},"end":{"line":12,"column":3}},{"start":{},"end":{}}],"line":4},"1":{"loc":{"start":{"line":4,"column":6},"end":{"line":4,"column":52}},"type":"binary-expr","locations":[{"start":{"line":4,"column":6},"end":{"line":4,"column":17}},{"start":{"line":4,"column":21},"end":{"line":4,"column":52}}],"line":4}},"s":{"0":0,"1":0,"2":0,"3":0,"4":0,"5":0,"6":0,"7":0},"f":{"0":0,"1":0},"b":{"0":[0,0],"1":[0,0]}}
,"/home/haricb/Downloads/blink1/src/styles.tsx": {"path":"/home/haricb/Downloads/blink1/src/styles.tsx","statementMap":{"0":{"start":{"line":3,"column":17},"end":{"line":132,"column":2}}},"fnMap":{},"branchMap":{},"s":{"0":4},"f":{},"b":{},"_coverageSchema":"1a1c01bbd47fc00a2c39e90264f33305004495a9","hash":"d974b326d95a8b1d8f08f0d65e8974957b68a946"}
,"/home/haricb/Downloads/blink1/src/theme.tsx": {"path":"/home/haricb/Downloads/blink1/src/theme.tsx","statementMap":{"0":{"start":{"line":33,"column":14},"end":{"line":46,"column":2}}},"fnMap":{},"branchMap":{},"s":{"0":1},"f":{},"b":{},"_coverageSchema":"1a1c01bbd47fc00a2c39e90264f33305004495a9","hash":"c1f648f1c5d95a6286d868e51da94ead2580ac1a"}
,"/home/haricb/Downloads/blink1/src/components/atoms/reading/cardAtoms/AddToLibraryBottom.tsx": {"path":"/home/haricb/Downloads/blink1/src/components/atoms/reading/cardAtoms/AddToLibraryBottom.tsx","statementMap":{"0":{"start":{"line":10,"column":18},"end":{"line":19,"column":1}},"1":{"start":{"line":21,"column":18},"end":{"line":21,"column":28}},"2":{"start":{"line":25,"column":28},"end":{"line":25,"column":30}},"3":{"start":{"line":27,"column":1},"end":{"line":27,"column":75}},"4":{"start":{"line":31,"column":27},"end":{"line":31,"column":29}},"5":{"start":{"line":33,"column":2},"end":{"line":33,"column":72}},"6":{"start":{"line":35,"column":12},"end":{"line":35,"column":56}},"7":{"start":{"line":36,"column":2},"end":{"line":36,"column":31}},"8":{"start":{"line":37,"column":2},"end":{"line":37,"column":46}},"9":{"start":{"line":38,"column":2},"end":{"line":38,"column":70}},"10":{"start":{"line":39,"column":2},"end":{"line":39,"column":74}},"11":{"start":{"line":41,"column":11},"end":{"line":41,"column":63}},"12":{"start":{"line":42,"column":0},"end":{"line":42,"column":26}},"13":{"start":{"line":47,"column":4},"end":{"line":55,"column":5}}},"fnMap":{"0":{"name":"AddToLibraryBottom","decl":{"start":{"line":20,"column":9},"end":{"line":20,"column":27}},"loc":{"start":{"line":20,"column":45},"end":{"line":56,"column":1}},"line":20},"1":{"name":"handleChange","decl":{"start":{"line":22,"column":13},"end":{"line":22,"column":25}},"loc":{"start":{"line":23,"column":2},"end":{"line":45,"column":3}},"line":23}},"branchMap":{"0":{"loc":{"start":{"line":27,"column":27},"end":{"line":27,"column":73}},"type":"binary-expr","locations":[{"start":{"line":27,"column":27},"end":{"line":27,"column":67}},{"start":{"line":27,"column":69},"end":{"line":27,"column":73}}],"line":27},"1":{"loc":{"start":{"line":33,"column":26},"end":{"line":33,"column":70}},"type":"binary-expr","locations":[{"start":{"line":33,"column":26},"end":{"line":33,"column":64}},{"start":{"line":33,"column":66},"end":{"line":33,"column":70}}],"line":33}},"s":{"0":5,"1":61,"2":0,"3":0,"4":0,"5":0,"6":0,"7":0,"8":0,"9":0,"10":0,"11":0,"12":0,"13":61},"f":{"0":61,"1":0},"b":{"0":[0,0],"1":[0,0]},"_coverageSchema":"1a1c01bbd47fc00a2c39e90264f33305004495a9","hash":"7065ce95a73040972ade785155ae0b2e4e6183c6"}
,"/home/haricb/Downloads/blink1/src/components/atoms/reading/cardAtoms/AuthorName.tsx": {"path":"/home/haricb/Downloads/blink1/src/components/atoms/reading/cardAtoms/AuthorName.tsx","statementMap":{"0":{"start":{"line":6,"column":18},"end":{"line":6,"column":28}},"1":{"start":{"line":7,"column":2},"end":{"line":12,"column":4}}},"fnMap":{"0":{"name":"AuthorName","decl":{"start":{"line":5,"column":9},"end":{"line":5,"column":19}},"loc":{"start":{"line":5,"column":37},"end":{"line":13,"column":1}},"line":5}},"branchMap":{},"s":{"0":71,"1":71},"f":{"0":71},"b":{},"_coverageSchema":"1a1c01bbd47fc00a2c39e90264f33305004495a9","hash":"03b4d614c490da9d0ca436b228aaf9d901c225ea"}
,"/home/haricb/Downloads/blink1/src/components/atoms/reading/cardAtoms/BookTitle.tsx": {"path":"/home/haricb/Downloads/blink1/src/components/atoms/reading/cardAtoms/BookTitle.tsx","statementMap":{"0":{"start":{"line":6,"column":21},"end":{"line":6,"column":31}},"1":{"start":{"line":7,"column":2},"end":{"line":12,"column":4}}},"fnMap":{"0":{"name":"BookTitle","decl":{"start":{"line":5,"column":9},"end":{"line":5,"column":18}},"loc":{"start":{"line":5,"column":36},"end":{"line":13,"column":1}},"line":5}},"branchMap":{},"s":{"0":71,"1":71},"f":{"0":71},"b":{},"_coverageSchema":"1a1c01bbd47fc00a2c39e90264f33305004495a9","hash":"c073895cc897179f35a3ac4da3a51c4d37e62e54"}
,"/home/haricb/Downloads/blink1/src/components/atoms/reading/cardAtoms/Bottom.tsx": {"path":"/home/haricb/Downloads/blink1/src/components/atoms/reading/cardAtoms/Bottom.tsx","statementMap":{"0":{"start":{"line":19,"column":18},"end":{"line":19,"column":28}},"1":{"start":{"line":22,"column":35},"end":{"line":22,"column":37}},"2":{"start":{"line":23,"column":34},"end":{"line":23,"column":36}},"3":{"start":{"line":24,"column":4},"end":{"line":26,"column":6}},"4":{"start":{"line":27,"column":4},"end":{"line":30,"column":8}},"5":{"start":{"line":28,"column":6},"end":{"line":30,"column":8}},"6":{"start":{"line":31,"column":16},"end":{"line":31,"column":62}},"7":{"start":{"line":33,"column":4},"end":{"line":33,"column":36}},"8":{"start":{"line":34,"column":4},"end":{"line":34,"column":49}},"9":{"start":{"line":35,"column":4},"end":{"line":35,"column":77}},"10":{"start":{"line":36,"column":4},"end":{"line":36,"column":79}},"11":{"start":{"line":38,"column":17},"end":{"line":38,"column":69}},"12":{"start":{"line":40,"column":4},"end":{"line":40,"column":32}},"13":{"start":{"line":43,"column":35},"end":{"line":43,"column":37}},"14":{"start":{"line":44,"column":34},"end":{"line":44,"column":36}},"15":{"start":{"line":45,"column":4},"end":{"line":47,"column":6}},"16":{"start":{"line":49,"column":4},"end":{"line":52,"column":8}},"17":{"start":{"line":50,"column":6},"end":{"line":52,"column":8}},"18":{"start":{"line":53,"column":16},"end":{"line":53,"column":63}},"19":{"start":{"line":55,"column":4},"end":{"line":55,"column":37}},"20":{"start":{"line":56,"column":4},"end":{"line":56,"column":48}},"21":{"start":{"line":57,"column":4},"end":{"line":57,"column":77}},"22":{"start":{"line":58,"column":4},"end":{"line":58,"column":79}},"23":{"start":{"line":60,"column":17},"end":{"line":60,"column":69}},"24":{"start":{"line":61,"column":4},"end":{"line":61,"column":32}},"25":{"start":{"line":62,"column":17},"end":{"line":62,"column":49}},"26":{"start":{"line":63,"column":4},"end":{"line":67,"column":9}},"27":{"start":{"line":64,"column":35},"end":{"line":64,"column":67}},"28":{"start":{"line":66,"column":8},"end":{"line":66,"column":37}},"29":{"start":{"line":70,"column":2},"end":{"line":91,"column":4}}},"fnMap":{"0":{"name":"Bottom","decl":{"start":{"line":18,"column":9},"end":{"line":18,"column":15}},"loc":{"start":{"line":18,"column":34},"end":{"line":92,"column":1}},"line":18},"1":{"name":"handlechange","decl":{"start":{"line":21,"column":11},"end":{"line":21,"column":23}},"loc":{"start":{"line":21,"column":26},"end":{"line":41,"column":3}},"line":21},"2":{"name":"handleread","decl":{"start":{"line":42,"column":11},"end":{"line":42,"column":21}},"loc":{"start":{"line":42,"column":24},"end":{"line":68,"column":3}},"line":42},"3":{"name":"(anonymous_3)","decl":{"start":{"line":64,"column":14},"end":{"line":64,"column":15}},"loc":{"start":{"line":64,"column":35},"end":{"line":64,"column":67}},"line":64},"4":{"name":"(anonymous_4)","decl":{"start":{"line":65,"column":11},"end":{"line":65,"column":12}},"loc":{"start":{"line":65,"column":32},"end":{"line":67,"column":7}},"line":65}},"branchMap":{"0":{"loc":{"start":{"line":25,"column":6},"end":{"line":25,"column":54}},"type":"binary-expr","locations":[{"start":{"line":25,"column":6},"end":{"line":25,"column":46}},{"start":{"line":25,"column":50},"end":{"line":25,"column":54}}],"line":25},"1":{"loc":{"start":{"line":27,"column":4},"end":{"line":30,"column":8}},"type":"if","locations":[{"start":{"line":27,"column":4},"end":{"line":30,"column":8}},{"start":{},"end":{}}],"line":27},"2":{"loc":{"start":{"line":29,"column":8},"end":{"line":29,"column":57}},"type":"binary-expr","locations":[{"start":{"line":29,"column":8},"end":{"line":29,"column":49}},{"start":{"line":29,"column":53},"end":{"line":29,"column":57}}],"line":29},"3":{"loc":{"start":{"line":46,"column":6},"end":{"line":46,"column":54}},"type":"binary-expr","locations":[{"start":{"line":46,"column":6},"end":{"line":46,"column":46}},{"start":{"line":46,"column":50},"end":{"line":46,"column":54}}],"line":46},"4":{"loc":{"start":{"line":49,"column":4},"end":{"line":52,"column":8}},"type":"if","locations":[{"start":{"line":49,"column":4},"end":{"line":52,"column":8}},{"start":{},"end":{}}],"line":49},"5":{"loc":{"start":{"line":51,"column":8},"end":{"line":51,"column":57}},"type":"binary-expr","locations":[{"start":{"line":51,"column":8},"end":{"line":51,"column":49}},{"start":{"line":51,"column":53},"end":{"line":51,"column":57}}],"line":51},"6":{"loc":{"start":{"line":72,"column":7},"end":{"line":89,"column":7}},"type":"cond-expr","locations":[{"start":{"line":73,"column":8},"end":{"line":79,"column":11}},{"start":{"line":80,"column":10},"end":{"line":89,"column":7}}],"line":72},"7":{"loc":{"start":{"line":80,"column":10},"end":{"line":89,"column":7}},"type":"cond-expr","locations":[{"start":{"line":81,"column":8},"end":{"line":81,"column":52}},{"start":{"line":83,"column":8},"end":{"line":88,"column":11}}],"line":80}},"s":{"0":64,"1":1,"2":1,"3":1,"4":1,"5":1,"6":1,"7":1,"8":1,"9":1,"10":1,"11":1,"12":1,"13":1,"14":1,"15":1,"16":1,"17":1,"18":1,"19":1,"20":1,"21":1,"22":1,"23":1,"24":1,"25":1,"26":1,"27":11,"28":1,"29":64},"f":{"0":64,"1":1,"2":1,"3":11,"4":1},"b":{"0":[1,0],"1":[1,0],"2":[1,0],"3":[1,0],"4":[1,0],"5":[1,0],"6":[1,63],"7":[61,2]},"_coverageSchema":"1a1c01bbd47fc00a2c39e90264f33305004495a9","hash":"6e1a7c65458efbd21b2cc88a6f0c9cdfa0c9e285"}
,"/home/haricb/Downloads/blink1/src/components/atoms/reading/cardAtoms/Hamburger.tsx": {"path":"/home/haricb/Downloads/blink1/src/components/atoms/reading/cardAtoms/Hamburger.tsx","statementMap":{"0":{"start":{"line":6,"column":18},"end":{"line":6,"column":28}},"1":{"start":{"line":7,"column":2},"end":{"line":9,"column":4}}},"fnMap":{"0":{"name":"Hamburger","decl":{"start":{"line":5,"column":9},"end":{"line":5,"column":18}},"loc":{"start":{"line":5,"column":21},"end":{"line":10,"column":1}},"line":5}},"branchMap":{},"s":{"0":1,"1":1},"f":{"0":1},"b":{},"_coverageSchema":"1a1c01bbd47fc00a2c39e90264f33305004495a9","hash":"3422b6a5451bc7f0328ab5538a7de3c92fbc5470"}
,"/home/haricb/Downloads/blink1/src/components/atoms/reading/cardAtoms/Time.tsx": {"path":"/home/haricb/Downloads/blink1/src/components/atoms/reading/cardAtoms/Time.tsx","statementMap":{"0":{"start":{"line":8,"column":18},"end":{"line":8,"column":28}},"1":{"start":{"line":9,"column":2},"end":{"line":9,"column":65}}},"fnMap":{"0":{"name":"Time","decl":{"start":{"line":7,"column":9},"end":{"line":7,"column":13}},"loc":{"start":{"line":7,"column":31},"end":{"line":10,"column":1}},"line":7}},"branchMap":{},"s":{"0":71,"1":71},"f":{"0":71},"b":{},"_coverageSchema":"1a1c01bbd47fc00a2c39e90264f33305004495a9","hash":"1b30f2f483a6066faed1fcb83ecae25549ffd44e"}
,"/home/haricb/Downloads/blink1/src/components/atoms/reading/extendedNavAtoms/HorizontalLine.tsx": {"path":"/home/haricb/Downloads/blink1/src/components/atoms/reading/extendedNavAtoms/HorizontalLine.tsx","statementMap":{"0":{"start":{"line":4,"column":2},"end":{"line":11,"column":3}}},"fnMap":{"0":{"name":"HorizontalLine","decl":{"start":{"line":3,"column":9},"end":{"line":3,"column":23}},"loc":{"start":{"line":3,"column":26},"end":{"line":12,"column":1}},"line":3}},"branchMap":{},"s":{"0":8},"f":{"0":8},"b":{},"_coverageSchema":"1a1c01bbd47fc00a2c39e90264f33305004495a9","hash":"2f15a32f9ecbe2d39aaca35bc330eec2dc1872f9"}
,"/home/haricb/Downloads/blink1/src/components/atoms/reading/extendedNavAtoms/NavIcons.tsx": {"path":"/home/haricb/Downloads/blink1/src/components/atoms/reading/extendedNavAtoms/NavIcons.tsx","statementMap":{"0":{"start":{"line":14,"column":18},"end":{"line":14,"column":28}},"1":{"start":{"line":15,"column":22},"end":{"line":17,"column":3}},"2":{"start":{"line":19,"column":20},"end":{"line":24,"column":3}},"3":{"start":{"line":26,"column":2},"end":{"line":40,"column":4}}},"fnMap":{"0":{"name":"NavIcons","decl":{"start":{"line":13,"column":9},"end":{"line":13,"column":17}},"loc":{"start":{"line":13,"column":36},"end":{"line":41,"column":1}},"line":13}},"branchMap":{},"s":{"0":144,"1":144,"2":144,"3":144},"f":{"0":144},"b":{},"_coverageSchema":"1a1c01bbd47fc00a2c39e90264f33305004495a9","hash":"bf221ab21bd56b2480d3e8e2a71dacf881960710"}
,"/home/haricb/Downloads/blink1/src/components/atoms/reading/navAtoms/ExploreButton.tsx": {"path":"/home/haricb/Downloads/blink1/src/components/atoms/reading/navAtoms/ExploreButton.tsx","statementMap":{"0":{"start":{"line":9,"column":18},"end":{"line":9,"column":28}},"1":{"start":{"line":10,"column":27},"end":{"line":10,"column":41}},"2":{"start":{"line":12,"column":2},"end":{"line":14,"column":5}},"3":{"start":{"line":13,"column":4},"end":{"line":13,"column":15}},"4":{"start":{"line":16,"column":2},"end":{"line":46,"column":4}},"5":{"start":{"line":18,"column":33},"end":{"line":18,"column":48}}},"fnMap":{"0":{"name":"ExploreButton","decl":{"start":{"line":8,"column":9},"end":{"line":8,"column":22}},"loc":{"start":{"line":8,"column":25},"end":{"line":47,"column":1}},"line":8},"1":{"name":"(anonymous_1)","decl":{"start":{"line":12,"column":12},"end":{"line":12,"column":13}},"loc":{"start":{"line":12,"column":18},"end":{"line":14,"column":3}},"line":12},"2":{"name":"(anonymous_2)","decl":{"start":{"line":18,"column":27},"end":{"line":18,"column":28}},"loc":{"start":{"line":18,"column":33},"end":{"line":18,"column":48}},"line":18}},"branchMap":{"0":{"loc":{"start":{"line":19,"column":9},"end":{"line":43,"column":9}},"type":"cond-expr","locations":[{"start":{"line":20,"column":10},"end":{"line":30,"column":13}},{"start":{"line":32,"column":10},"end":{"line":42,"column":13}}],"line":19}},"s":{"0":3,"1":3,"2":3,"3":2,"4":3,"5":1},"f":{"0":3,"1":2,"2":1},"b":{"0":[2,1]},"_coverageSchema":"1a1c01bbd47fc00a2c39e90264f33305004495a9","hash":"5b5c51b15ea14c049d3a6238ebe1f3168ed4834f"}
,"/home/haricb/Downloads/blink1/src/components/atoms/reading/navAtoms/MyLibrary.tsx": {"path":"/home/haricb/Downloads/blink1/src/components/atoms/reading/navAtoms/MyLibrary.tsx","statementMap":{"0":{"start":{"line":6,"column":18},"end":{"line":6,"column":28}},"1":{"start":{"line":7,"column":2},"end":{"line":13,"column":4}}},"fnMap":{"0":{"name":"MyLibrary","decl":{"start":{"line":5,"column":9},"end":{"line":5,"column":18}},"loc":{"start":{"line":5,"column":21},"end":{"line":14,"column":1}},"line":5}},"branchMap":{},"s":{"0":1,"1":1},"f":{"0":1},"b":{},"_coverageSchema":"1a1c01bbd47fc00a2c39e90264f33305004495a9","hash":"015cb502979053dbaa854905f1868cf28e79da2c"}
,"/home/haricb/Downloads/blink1/src/components/molecules/Avator.tsx": {"path":"/home/haricb/Downloads/blink1/src/components/molecules/Avator.tsx","statementMap":{"0":{"start":{"line":7,"column":16},"end":{"line":7,"column":26}},"1":{"start":{"line":8,"column":2},"end":{"line":19,"column":3}}},"fnMap":{"0":{"name":"Avator","decl":{"start":{"line":6,"column":9},"end":{"line":6,"column":15}},"loc":{"start":{"line":6,"column":18},"end":{"line":20,"column":1}},"line":6}},"branchMap":{},"s":{"0":10,"1":10},"f":{"0":10},"b":{},"_coverageSchema":"1a1c01bbd47fc00a2c39e90264f33305004495a9","hash":"f7d7ac8d33582312001ddb2c272e9410b702bd03"}
,"/home/haricb/Downloads/blink1/src/components/molecules/Card.tsx": {"path":"/home/haricb/Downloads/blink1/src/components/molecules/Card.tsx","statementMap":{"0":{"start":{"line":21,"column":18},"end":{"line":21,"column":28}},"1":{"start":{"line":22,"column":2},"end":{"line":22,"column":34}},"2":{"start":{"line":23,"column":2},"end":{"line":23,"column":52}},"3":{"start":{"line":24,"column":2},"end":{"line":56,"column":4}}},"fnMap":{"0":{"name":"BookCard","decl":{"start":{"line":20,"column":9},"end":{"line":20,"column":17}},"loc":{"start":{"line":20,"column":53},"end":{"line":57,"column":1}},"line":20}},"branchMap":{},"s":{"0":67,"1":64,"2":64,"3":64},"f":{"0":67},"b":{},"_coverageSchema":"1a1c01bbd47fc00a2c39e90264f33305004495a9","hash":"b2c64d2375b0320f884ce74a0d7bf19b4402db2a"}
,"/home/haricb/Downloads/blink1/src/components/molecules/CardGrid.tsx": {"path":"/home/haricb/Downloads/blink1/src/components/molecules/CardGrid.tsx","statementMap":{"0":{"start":{"line":14,"column":17},"end":{"line":14,"column":43}},"1":{"start":{"line":16,"column":4},"end":{"line":20,"column":12}},"2":{"start":{"line":21,"column":32},"end":{"line":21,"column":34}},"3":{"start":{"line":22,"column":2},"end":{"line":34,"column":81}},"4":{"start":{"line":23,"column":6},"end":{"line":25,"column":8}},"5":{"start":{"line":27,"column":7},"end":{"line":34,"column":81}},"6":{"start":{"line":28,"column":6},"end":{"line":30,"column":8}},"7":{"start":{"line":34,"column":5},"end":{"line":34,"column":80}},"8":{"start":{"line":37,"column":16},"end":{"line":58,"column":6}},"9":{"start":{"line":39,"column":6},"end":{"line":39,"column":55}},"10":{"start":{"line":42,"column":6},"end":{"line":42,"column":35}},"11":{"start":{"line":43,"column":20},"end":{"line":43,"column":71}},"12":{"start":{"line":44,"column":6},"end":{"line":57,"column":8}},"13":{"start":{"line":60,"column":2},"end":{"line":68,"column":4}}},"fnMap":{"0":{"name":"CardGrid","decl":{"start":{"line":13,"column":9},"end":{"line":13,"column":17}},"loc":{"start":{"line":13,"column":20},"end":{"line":69,"column":1}},"line":13},"1":{"name":"(anonymous_1)","decl":{"start":{"line":38,"column":12},"end":{"line":38,"column":13}},"loc":{"start":{"line":39,"column":6},"end":{"line":39,"column":55}},"line":39},"2":{"name":"(anonymous_2)","decl":{"start":{"line":41,"column":9},"end":{"line":41,"column":10}},"loc":{"start":{"line":41,"column":30},"end":{"line":58,"column":5}},"line":41}},"branchMap":{"0":{"loc":{"start":{"line":16,"column":4},"end":{"line":20,"column":12}},"type":"cond-expr","locations":[{"start":{"line":17,"column":8},"end":{"line":17,"column":13}},{"start":{"line":18,"column":8},"end":{"line":20,"column":12}}],"line":16},"1":{"loc":{"start":{"line":18,"column":8},"end":{"line":20,"column":12}},"type":"cond-expr","locations":[{"start":{"line":19,"column":8},"end":{"line":19,"column":12}},{"start":{"line":20,"column":8},"end":{"line":20,"column":12}}],"line":18},"2":{"loc":{"start":{"line":22,"column":2},"end":{"line":34,"column":81}},"type":"if","locations":[{"start":{"line":22,"column":2},"end":{"line":34,"column":81}},{"start":{"line":27,"column":7},"end":{"line":34,"column":81}}],"line":22},"3":{"loc":{"start":{"line":24,"column":8},"end":{"line":24,"column":56}},"type":"binary-expr","locations":[{"start":{"line":24,"column":8},"end":{"line":24,"column":48}},{"start":{"line":24,"column":52},"end":{"line":24,"column":56}}],"line":24},"4":{"loc":{"start":{"line":27,"column":7},"end":{"line":34,"column":81}},"type":"if","locations":[{"start":{"line":27,"column":7},"end":{"line":34,"column":81}},{"start":{"line":34,"column":3},"end":{"line":34,"column":81}}],"line":27},"5":{"loc":{"start":{"line":29,"column":8},"end":{"line":29,"column":57}},"type":"binary-expr","locations":[{"start":{"line":29,"column":8},"end":{"line":29,"column":49}},{"start":{"line":29,"column":53},"end":{"line":29,"column":57}}],"line":29},"6":{"loc":{"start":{"line":34,"column":32},"end":{"line":34,"column":78}},"type":"binary-expr","locations":[{"start":{"line":34,"column":32},"end":{"line":34,"column":70}},{"start":{"line":34,"column":74},"end":{"line":34,"column":78}}],"line":34}},"s":{"0":12,"1":12,"2":12,"3":12,"4":7,"5":5,"6":5,"7":0,"8":12,"9":132,"10":3,"11":3,"12":3,"13":12},"f":{"0":12,"1":132,"2":3},"b":{"0":[7,5],"1":[5,0],"2":[7,5],"3":[7,5],"4":[5,0],"5":[5,4],"6":[0,0]},"_coverageSchema":"1a1c01bbd47fc00a2c39e90264f33305004495a9","hash":"e7bf7c60ce98b961b4357360dd20e031f29fdd4d"}
,"/home/haricb/Downloads/blink1/src/components/molecules/TimeMolecule.tsx": {"path":"/home/haricb/Downloads/blink1/src/components/molecules/TimeMolecule.tsx","statementMap":{"0":{"start":{"line":10,"column":2},"end":{"line":20,"column":4}}},"fnMap":{"0":{"name":"TimeMolecule","decl":{"start":{"line":9,"column":9},"end":{"line":9,"column":21}},"loc":{"start":{"line":9,"column":40},"end":{"line":21,"column":1}},"line":9}},"branchMap":{},"s":{"0":70},"f":{"0":70},"b":{},"_coverageSchema":"1a1c01bbd47fc00a2c39e90264f33305004495a9","hash":"0e2c1c807028132aef04d0d06e6ff2d63d9166c2"}
,"/home/haricb/Downloads/blink1/src/components/molecules/bookDetail/AboutBook.tsx": {"path":"/home/haricb/Downloads/blink1/src/components/molecules/bookDetail/AboutBook.tsx","statementMap":{"0":{"start":{"line":20,"column":15},"end":{"line":20,"column":44}},"1":{"start":{"line":21,"column":17},"end":{"line":23,"column":3}},"2":{"start":{"line":22,"column":25},"end":{"line":22,"column":53}},"3":{"start":{"line":24,"column":16},"end":{"line":24,"column":63}},"4":{"start":{"line":25,"column":36},"end":{"line":25,"column":56}},"5":{"start":{"line":26,"column":21},"end":{"line":42,"column":3}},"6":{"start":{"line":27,"column":4},"end":{"line":41,"column":5}},"7":{"start":{"line":29,"column":8},"end":{"line":34,"column":37}},"8":{"start":{"line":36,"column":8},"end":{"line":36,"column":56}},"9":{"start":{"line":38,"column":8},"end":{"line":38,"column":69}},"10":{"start":{"line":40,"column":8},"end":{"line":40,"column":23}},"11":{"start":{"line":44,"column":2},"end":{"line":83,"column":4}}},"fnMap":{"0":{"name":"AboutBook","decl":{"start":{"line":18,"column":9},"end":{"line":18,"column":18}},"loc":{"start":{"line":18,"column":37},"end":{"line":84,"column":1}},"line":18},"1":{"name":"(anonymous_1)","decl":{"start":{"line":22,"column":4},"end":{"line":22,"column":5}},"loc":{"start":{"line":22,"column":25},"end":{"line":22,"column":53}},"line":22},"2":{"name":"(anonymous_2)","decl":{"start":{"line":26,"column":21},"end":{"line":26,"column":22}},"loc":{"start":{"line":26,"column":27},"end":{"line":42,"column":3}},"line":26}},"branchMap":{"0":{"loc":{"start":{"line":27,"column":4},"end":{"line":41,"column":5}},"type":"switch","locations":[{"start":{"line":28,"column":6},"end":{"line":34,"column":37}},{"start":{"line":35,"column":6},"end":{"line":36,"column":56}},{"start":{"line":37,"column":6},"end":{"line":38,"column":69}},{"start":{"line":39,"column":6},"end":{"line":40,"column":23}}],"line":27}},"s":{"0":8,"1":8,"2":68,"3":6,"4":6,"5":6,"6":6,"7":6,"8":0,"9":0,"10":0,"11":6},"f":{"0":8,"1":68,"2":6},"b":{"0":[6,0,0,0]},"_coverageSchema":"1a1c01bbd47fc00a2c39e90264f33305004495a9","hash":"6e83ff50d04a5c83f3e13ce10b8dfd7de03c2435"}
,"/home/haricb/Downloads/blink1/src/components/molecules/bookDetail/ButtonGrid.tsx": {"path":"/home/haricb/Downloads/blink1/src/components/molecules/bookDetail/ButtonGrid.tsx","statementMap":{"0":{"start":{"line":6,"column":18},"end":{"line":6,"column":28}},"1":{"start":{"line":7,"column":2},"end":{"line":36,"column":4}}},"fnMap":{"0":{"name":"ButtonGrid","decl":{"start":{"line":5,"column":9},"end":{"line":5,"column":19}},"loc":{"start":{"line":5,"column":22},"end":{"line":37,"column":1}},"line":5}},"branchMap":{},"s":{"0":7,"1":7},"f":{"0":7},"b":{},"_coverageSchema":"1a1c01bbd47fc00a2c39e90264f33305004495a9","hash":"c4229637f4efffd3b60dc7b3080c52bb59e2e948"}
,"/home/haricb/Downloads/blink1/src/components/molecules/enterpreneurship/BannerData.tsx": {"path":"/home/haricb/Downloads/blink1/src/components/molecules/enterpreneurship/BannerData.tsx","statementMap":{"0":{"start":{"line":5,"column":2},"end":{"line":44,"column":4}}},"fnMap":{"0":{"name":"BannerData","decl":{"start":{"line":4,"column":9},"end":{"line":4,"column":19}},"loc":{"start":{"line":4,"column":22},"end":{"line":45,"column":1}},"line":4}},"branchMap":{},"s":{"0":10},"f":{"0":10},"b":{},"_coverageSchema":"1a1c01bbd47fc00a2c39e90264f33305004495a9","hash":"3deb76a010f7eba6a30e57d1ca5b2f8faf730fff"}
,"/home/haricb/Downloads/blink1/src/components/molecules/enterpreneurship/CardGrid.tsx": {"path":"/home/haricb/Downloads/blink1/src/components/molecules/enterpreneurship/CardGrid.tsx","statementMap":{"0":{"start":{"line":8,"column":2},"end":{"line":8,"column":59}},"1":{"start":{"line":9,"column":2},"end":{"line":47,"column":4}}},"fnMap":{"0":{"name":"CardGrid","decl":{"start":{"line":7,"column":9},"end":{"line":7,"column":17}},"loc":{"start":{"line":7,"column":20},"end":{"line":48,"column":1}},"line":7}},"branchMap":{},"s":{"0":9,"1":9},"f":{"0":9},"b":{},"_coverageSchema":"1a1c01bbd47fc00a2c39e90264f33305004495a9","hash":"edc28ac8b72dfffb579432cfa55b3ee02123a485"}
,"/home/haricb/Downloads/blink1/src/components/molecules/enterpreneurship/GridOne.tsx": {"path":"/home/haricb/Downloads/blink1/src/components/molecules/enterpreneurship/GridOne.tsx","statementMap":{"0":{"start":{"line":14,"column":15},"end":{"line":14,"column":44}},"1":{"start":{"line":15,"column":30},"end":{"line":15,"column":96}},"2":{"start":{"line":16,"column":2},"end":{"line":16,"column":28}},"3":{"start":{"line":17,"column":16},"end":{"line":39,"column":6}},"4":{"start":{"line":20,"column":8},"end":{"line":21,"column":56}},"5":{"start":{"line":24,"column":20},"end":{"line":24,"column":74}},"6":{"start":{"line":25,"column":6},"end":{"line":38,"column":8}},"7":{"start":{"line":40,"column":2},"end":{"line":44,"column":4}}},"fnMap":{"0":{"name":"GridOne","decl":{"start":{"line":13,"column":9},"end":{"line":13,"column":16}},"loc":{"start":{"line":13,"column":19},"end":{"line":45,"column":1}},"line":13},"1":{"name":"(anonymous_1)","decl":{"start":{"line":19,"column":6},"end":{"line":19,"column":7}},"loc":{"start":{"line":20,"column":8},"end":{"line":21,"column":56}},"line":20},"2":{"name":"(anonymous_2)","decl":{"start":{"line":23,"column":9},"end":{"line":23,"column":10}},"loc":{"start":{"line":23,"column":30},"end":{"line":39,"column":5}},"line":23}},"branchMap":{"0":{"loc":{"start":{"line":20,"column":8},"end":{"line":21,"column":56}},"type":"binary-expr","locations":[{"start":{"line":20,"column":8},"end":{"line":20,"column":56}},{"start":{"line":21,"column":8},"end":{"line":21,"column":56}}],"line":20}},"s":{"0":9,"1":9,"2":9,"3":9,"4":99,"5":44,"6":44,"7":9},"f":{"0":9,"1":99,"2":44},"b":{"0":[99,79]},"_coverageSchema":"1a1c01bbd47fc00a2c39e90264f33305004495a9","hash":"fa7b9e22a2bfbacccfcad7a93709bbcd1bc7d729"}
,"/home/haricb/Downloads/blink1/src/components/molecules/enterpreneurship/GridThree.tsx": {"path":"/home/haricb/Downloads/blink1/src/components/molecules/enterpreneurship/GridThree.tsx","statementMap":{"0":{"start":{"line":14,"column":2},"end":{"line":14,"column":52}},"1":{"start":{"line":15,"column":16},"end":{"line":15,"column":45}},"2":{"start":{"line":16,"column":30},"end":{"line":16,"column":96}},"3":{"start":{"line":17,"column":16},"end":{"line":40,"column":6}},"4":{"start":{"line":20,"column":8},"end":{"line":21,"column":50}},"5":{"start":{"line":24,"column":20},"end":{"line":24,"column":74}},"6":{"start":{"line":26,"column":6},"end":{"line":39,"column":8}},"7":{"start":{"line":41,"column":2},"end":{"line":45,"column":4}}},"fnMap":{"0":{"name":"GridThree","decl":{"start":{"line":13,"column":9},"end":{"line":13,"column":18}},"loc":{"start":{"line":13,"column":21},"end":{"line":46,"column":1}},"line":13},"1":{"name":"(anonymous_1)","decl":{"start":{"line":19,"column":6},"end":{"line":19,"column":7}},"loc":{"start":{"line":20,"column":8},"end":{"line":21,"column":50}},"line":20},"2":{"name":"(anonymous_2)","decl":{"start":{"line":23,"column":9},"end":{"line":23,"column":10}},"loc":{"start":{"line":23,"column":30},"end":{"line":40,"column":5}},"line":23}},"branchMap":{"0":{"loc":{"start":{"line":20,"column":8},"end":{"line":21,"column":50}},"type":"binary-expr","locations":[{"start":{"line":20,"column":8},"end":{"line":20,"column":56}},{"start":{"line":21,"column":8},"end":{"line":21,"column":50}}],"line":20}},"s":{"0":8,"1":8,"2":8,"3":8,"4":88,"5":21,"6":21,"7":8},"f":{"0":8,"1":88,"2":21},"b":{"0":[88,78]},"_coverageSchema":"1a1c01bbd47fc00a2c39e90264f33305004495a9","hash":"c006b1f1fcfa31b806a42a723b2432febd0c26eb"}
,"/home/haricb/Downloads/blink1/src/components/molecules/enterpreneurship/GridTwo.tsx": {"path":"/home/haricb/Downloads/blink1/src/components/molecules/enterpreneurship/GridTwo.tsx","statementMap":{"0":{"start":{"line":14,"column":2},"end":{"line":14,"column":52}},"1":{"start":{"line":15,"column":15},"end":{"line":15,"column":44}},"2":{"start":{"line":16,"column":30},"end":{"line":16,"column":96}},"3":{"start":{"line":17,"column":16},"end":{"line":40,"column":6}},"4":{"start":{"line":20,"column":8},"end":{"line":21,"column":51}},"5":{"start":{"line":24,"column":20},"end":{"line":24,"column":74}},"6":{"start":{"line":26,"column":6},"end":{"line":39,"column":8}},"7":{"start":{"line":41,"column":2},"end":{"line":45,"column":4}}},"fnMap":{"0":{"name":"GridTwo","decl":{"start":{"line":13,"column":9},"end":{"line":13,"column":16}},"loc":{"start":{"line":13,"column":19},"end":{"line":46,"column":1}},"line":13},"1":{"name":"(anonymous_1)","decl":{"start":{"line":19,"column":6},"end":{"line":19,"column":7}},"loc":{"start":{"line":20,"column":8},"end":{"line":21,"column":51}},"line":20},"2":{"name":"(anonymous_2)","decl":{"start":{"line":23,"column":9},"end":{"line":23,"column":10}},"loc":{"start":{"line":23,"column":30},"end":{"line":40,"column":5}},"line":23}},"branchMap":{"0":{"loc":{"start":{"line":20,"column":8},"end":{"line":21,"column":51}},"type":"binary-expr","locations":[{"start":{"line":20,"column":8},"end":{"line":20,"column":56}},{"start":{"line":21,"column":8},"end":{"line":21,"column":51}}],"line":20}},"s":{"0":8,"1":8,"2":8,"3":8,"4":88,"5":21,"6":21,"7":8},"f":{"0":8,"1":88,"2":21},"b":{"0":[88,78]},"_coverageSchema":"1a1c01bbd47fc00a2c39e90264f33305004495a9","hash":"8c7233339714bf165e84b04eaa1f691f84228038"}
,"/home/haricb/Downloads/blink1/src/components/molecules/enterpreneurship/SearchBar.tsx": {"path":"/home/haricb/Downloads/blink1/src/components/molecules/enterpreneurship/SearchBar.tsx","statementMap":{"0":{"start":{"line":7,"column":18},"end":{"line":14,"column":3}},"1":{"start":{"line":7,"column":41},"end":{"line":14,"column":1}},"2":{"start":{"line":16,"column":32},"end":{"line":16,"column":44}},"3":{"start":{"line":17,"column":18},"end":{"line":17,"column":29}},"4":{"start":{"line":19,"column":2},"end":{"line":19,"column":41}},"5":{"start":{"line":19,"column":18},"end":{"line":19,"column":39}},"6":{"start":{"line":21,"column":2},"end":{"line":41,"column":4}},"7":{"start":{"line":38,"column":25},"end":{"line":38,"column":49}}},"fnMap":{"0":{"name":"(anonymous_0)","decl":{"start":{"line":7,"column":29},"end":{"line":7,"column":30}},"loc":{"start":{"line":7,"column":41},"end":{"line":14,"column":1}},"line":7},"1":{"name":"SearchBar","decl":{"start":{"line":15,"column":9},"end":{"line":15,"column":18}},"loc":{"start":{"line":15,"column":21},"end":{"line":42,"column":1}},"line":15},"2":{"name":"(anonymous_2)","decl":{"start":{"line":19,"column":12},"end":{"line":19,"column":13}},"loc":{"start":{"line":19,"column":18},"end":{"line":19,"column":39}},"line":19},"3":{"name":"(anonymous_3)","decl":{"start":{"line":38,"column":18},"end":{"line":38,"column":19}},"loc":{"start":{"line":38,"column":25},"end":{"line":38,"column":49}},"line":38}},"branchMap":{},"s":{"0":3,"1":7,"2":8,"3":8,"4":8,"5":8,"6":8,"7":1},"f":{"0":7,"1":8,"2":8,"3":1},"b":{},"_coverageSchema":"1a1c01bbd47fc00a2c39e90264f33305004495a9","hash":"36688084c638d9d2b8fb03af1faedd7bedf6f695"}
,"/home/haricb/Downloads/blink1/src/components/molecules/enterpreneurship/StyledGrid.tsx": {"path":"/home/haricb/Downloads/blink1/src/components/molecules/enterpreneurship/StyledGrid.tsx","statementMap":{"0":{"start":{"line":4,"column":26},"end":{"line":20,"column":1}}},"fnMap":{},"branchMap":{},"s":{"0":5},"f":{},"b":{},"_coverageSchema":"1a1c01bbd47fc00a2c39e90264f33305004495a9","hash":"cc85617a405b67b268a6ae90a23862f855406f66"}
,"/home/haricb/Downloads/blink1/src/components/molecules/enterpreneurship/searchCard.tsx": {"path":"/home/haricb/Downloads/blink1/src/components/molecules/enterpreneurship/searchCard.tsx","statementMap":{"0":{"start":{"line":1,"column":26},"end":{"line":32,"column":1}},"1":{"start":{"line":2,"column":2},"end":{"line":2,"column":31}},"2":{"start":{"line":2,"column":25},"end":{"line":2,"column":31}},"3":{"start":{"line":3,"column":2},"end":{"line":3,"column":30}},"4":{"start":{"line":4,"column":15},"end":{"line":4,"column":44}},"5":{"start":{"line":6,"column":24},"end":{"line":10,"column":3}},"6":{"start":{"line":12,"column":2},"end":{"line":30,"column":3}},"7":{"start":{"line":12,"column":15},"end":{"line":12,"column":16}},"8":{"start":{"line":13,"column":4},"end":{"line":29,"column":5}},"9":{"start":{"line":14,"column":6},"end":{"line":28,"column":7}},"10":{"start":{"line":18,"column":19},"end":{"line":20,"column":24}},"11":{"start":{"line":21,"column":8},"end":{"line":21,"column":55}},"12":{"start":{"line":21,"column":27},"end":{"line":21,"column":55}},"13":{"start":{"line":23,"column":19},"end":{"line":25,"column":24}},"14":{"start":{"line":27,"column":8},"end":{"line":27,"column":63}},"15":{"start":{"line":27,"column":27},"end":{"line":27,"column":63}}},"fnMap":{"0":{"name":"(anonymous_0)","decl":{"start":{"line":1,"column":26},"end":{"line":1,"column":27}},"loc":{"start":{"line":1,"column":45},"end":{"line":32,"column":1}},"line":1}},"branchMap":{"0":{"loc":{"start":{"line":2,"column":2},"end":{"line":2,"column":31}},"type":"if","locations":[{"start":{"line":2,"column":2},"end":{"line":2,"column":31}},{"start":{},"end":{}}],"line":2},"1":{"loc":{"start":{"line":13,"column":4},"end":{"line":29,"column":5}},"type":"if","locations":[{"start":{"line":13,"column":4},"end":{"line":29,"column":5}},{"start":{},"end":{}}],"line":13},"2":{"loc":{"start":{"line":14,"column":6},"end":{"line":28,"column":7}},"type":"if","locations":[{"start":{"line":14,"column":6},"end":{"line":28,"column":7}},{"start":{"line":22,"column":13},"end":{"line":28,"column":7}}],"line":14},"3":{"loc":{"start":{"line":15,"column":8},"end":{"line":16,"column":61}},"type":"binary-expr","locations":[{"start":{"line":15,"column":8},"end":{"line":15,"column":62}},{"start":{"line":16,"column":8},"end":{"line":16,"column":61}}],"line":15},"4":{"loc":{"start":{"line":21,"column":8},"end":{"line":21,"column":55}},"type":"if","locations":[{"start":{"line":21,"column":8},"end":{"line":21,"column":55}},{"start":{},"end":{}}],"line":21},"5":{"loc":{"start":{"line":27,"column":8},"end":{"line":27,"column":63}},"type":"if","locations":[{"start":{"line":27,"column":8},"end":{"line":27,"column":63}},{"start":{},"end":{}}],"line":27}},"s":{"0":3,"1":8,"2":7,"3":1,"4":1,"5":1,"6":1,"7":1,"8":11,"9":11,"10":11,"11":11,"12":0,"13":0,"14":0,"15":0},"f":{"0":8},"b":{"0":[7,1],"1":[11,0],"2":[11,0],"3":[11,11],"4":[0,11],"5":[0,0]},"_coverageSchema":"1a1c01bbd47fc00a2c39e90264f33305004495a9","hash":"f741fc4e236e3ebcb4fe5998e587e030f0df8e87"}
,"/home/haricb/Downloads/blink1/src/components/organisms/bookDetail/BookDetail.tsx": {"path":"/home/haricb/Downloads/blink1/src/components/organisms/bookDetail/BookDetail.tsx","statementMap":{"0":{"start":{"line":12,"column":21},"end":{"line":12,"column":32}},"1":{"start":{"line":14,"column":2},"end":{"line":39,"column":4}}},"fnMap":{"0":{"name":"BookDetail","decl":{"start":{"line":11,"column":9},"end":{"line":11,"column":19}},"loc":{"start":{"line":11,"column":22},"end":{"line":40,"column":1}},"line":11}},"branchMap":{},"s":{"0":3,"1":2},"f":{"0":3},"b":{},"_coverageSchema":"1a1c01bbd47fc00a2c39e90264f33305004495a9","hash":"09ef04487f4f161eb405d1bfcb97d7d6f1c4e385"}
,"/home/haricb/Downloads/blink1/src/components/organisms/bookDetail/BookDetailTab.tsx": {"path":"/home/haricb/Downloads/blink1/src/components/organisms/bookDetail/BookDetailTab.tsx","statementMap":{"0":{"start":{"line":14,"column":19},"end":{"line":33,"column":1}},"1":{"start":{"line":43,"column":20},"end":{"line":45,"column":3}},"2":{"start":{"line":44,"column":4},"end":{"line":44,"column":47}},"3":{"start":{"line":46,"column":2},"end":{"line":82,"column":4}}},"fnMap":{"0":{"name":"BookDetailTab","decl":{"start":{"line":39,"column":9},"end":{"line":39,"column":22}},"loc":{"start":{"line":42,"column":35},"end":{"line":83,"column":1}},"line":42},"1":{"name":"(anonymous_1)","decl":{"start":{"line":43,"column":20},"end":{"line":43,"column":21}},"loc":{"start":{"line":43,"column":65},"end":{"line":45,"column":3}},"line":43}},"branchMap":{"0":{"loc":{"start":{"line":52,"column":21},"end":{"line":52,"column":65}},"type":"cond-expr","locations":[{"start":{"line":52,"column":48},"end":{"line":52,"column":56}},{"start":{"line":52,"column":59},"end":{"line":52,"column":65}}],"line":52},"1":{"loc":{"start":{"line":63,"column":21},"end":{"line":63,"column":61}},"type":"cond-expr","locations":[{"start":{"line":63,"column":44},"end":{"line":63,"column":52}},{"start":{"line":63,"column":55},"end":{"line":63,"column":61}}],"line":63},"2":{"loc":{"start":{"line":73,"column":21},"end":{"line":73,"column":68}},"type":"cond-expr","locations":[{"start":{"line":73,"column":51},"end":{"line":73,"column":59}},{"start":{"line":73,"column":62},"end":{"line":73,"column":68}}],"line":73}},"s":{"0":3,"1":6,"2":0,"3":6},"f":{"0":6,"1":0},"b":{"0":[6,0],"1":[0,6],"2":[0,6]},"_coverageSchema":"1a1c01bbd47fc00a2c39e90264f33305004495a9","hash":"1b4a82f8303dacfc664d5078dda337d83458c90b"}
,"/home/haricb/Downloads/blink1/src/components/organisms/enterpreneurship/Banner.tsx": {"path":"/home/haricb/Downloads/blink1/src/components/organisms/enterpreneurship/Banner.tsx","statementMap":{"0":{"start":{"line":6,"column":2},"end":{"line":23,"column":4}}},"fnMap":{"0":{"name":"Banner","decl":{"start":{"line":5,"column":9},"end":{"line":5,"column":15}},"loc":{"start":{"line":5,"column":18},"end":{"line":24,"column":1}},"line":5}},"branchMap":{},"s":{"0":10},"f":{"0":10},"b":{},"_coverageSchema":"1a1c01bbd47fc00a2c39e90264f33305004495a9","hash":"82c05c1be6e017d86956d8955bd1dee9fac84918"}
,"/home/haricb/Downloads/blink1/src/components/organisms/enterpreneurship/Enterpreneurship.tsx": {"path":"/home/haricb/Downloads/blink1/src/components/organisms/enterpreneurship/Enterpreneurship.tsx","statementMap":{"0":{"start":{"line":8,"column":14},"end":{"line":8,"column":49}},"1":{"start":{"line":9,"column":2},"end":{"line":11,"column":3}},"2":{"start":{"line":10,"column":4},"end":{"line":10,"column":66}},"3":{"start":{"line":12,"column":2},"end":{"line":30,"column":4}}},"fnMap":{"0":{"name":"Enterpreneurship","decl":{"start":{"line":7,"column":9},"end":{"line":7,"column":25}},"loc":{"start":{"line":7,"column":28},"end":{"line":31,"column":1}},"line":7}},"branchMap":{"0":{"loc":{"start":{"line":9,"column":2},"end":{"line":11,"column":3}},"type":"if","locations":[{"start":{"line":9,"column":2},"end":{"line":11,"column":3}},{"start":{},"end":{}}],"line":9}},"s":{"0":9,"1":9,"2":5,"3":9},"f":{"0":9},"b":{"0":[5,4]},"_coverageSchema":"1a1c01bbd47fc00a2c39e90264f33305004495a9","hash":"4d5582cd0fc62db8e5092edd936533e6c197c4aa"}
,"/home/haricb/Downloads/blink1/src/components/organisms/footer/Footer.tsx": {"path":"/home/haricb/Downloads/blink1/src/components/organisms/footer/Footer.tsx","statementMap":{"0":{"start":{"line":10,"column":18},"end":{"line":10,"column":28}},"1":{"start":{"line":11,"column":2},"end":{"line":83,"column":4}}},"fnMap":{"0":{"name":"Footer","decl":{"start":{"line":9,"column":9},"end":{"line":9,"column":15}},"loc":{"start":{"line":9,"column":18},"end":{"line":84,"column":1}},"line":9}},"branchMap":{},"s":{"0":20,"1":20},"f":{"0":20},"b":{},"_coverageSchema":"1a1c01bbd47fc00a2c39e90264f33305004495a9","hash":"31dbbe851e0c21c2587b7f7998a88d51186d725b"}
,"/home/haricb/Downloads/blink1/src/components/organisms/footer/FooterBottomRow.tsx": {"path":"/home/haricb/Downloads/blink1/src/components/organisms/footer/FooterBottomRow.tsx","statementMap":{"0":{"start":{"line":10,"column":18},"end":{"line":10,"column":28}},"1":{"start":{"line":11,"column":22},"end":{"line":13,"column":3}},"2":{"start":{"line":15,"column":20},"end":{"line":20,"column":3}},"3":{"start":{"line":22,"column":2},"end":{"line":31,"column":4}}},"fnMap":{"0":{"name":"FooterBottomRow","decl":{"start":{"line":9,"column":9},"end":{"line":9,"column":24}},"loc":{"start":{"line":9,"column":43},"end":{"line":32,"column":1}},"line":9}},"branchMap":{},"s":{"0":80,"1":80,"2":80,"3":80},"f":{"0":80},"b":{},"_coverageSchema":"1a1c01bbd47fc00a2c39e90264f33305004495a9","hash":"46b163e827393b76fbded98db2c3e1be6b77c229"}
,"/home/haricb/Downloads/blink1/src/components/organisms/footer/FooterIcon.tsx": {"path":"/home/haricb/Downloads/blink1/src/components/organisms/footer/FooterIcon.tsx","statementMap":{"0":{"start":{"line":10,"column":18},"end":{"line":10,"column":28}},"1":{"start":{"line":11,"column":22},"end":{"line":13,"column":3}},"2":{"start":{"line":15,"column":20},"end":{"line":20,"column":3}},"3":{"start":{"line":22,"column":2},"end":{"line":31,"column":4}}},"fnMap":{"0":{"name":"FooterIcon","decl":{"start":{"line":9,"column":9},"end":{"line":9,"column":19}},"loc":{"start":{"line":9,"column":38},"end":{"line":32,"column":1}},"line":9}},"branchMap":{},"s":{"0":265,"1":265,"2":265,"3":265},"f":{"0":265},"b":{},"_coverageSchema":"1a1c01bbd47fc00a2c39e90264f33305004495a9","hash":"9fad11236f8bcdfd48cff7749b7fdaa7433b2a33"}
,"/home/haricb/Downloads/blink1/src/components/organisms/header/ExtendedNav.tsx": {"path":"/home/haricb/Downloads/blink1/src/components/organisms/header/ExtendedNav.tsx","statementMap":{"0":{"start":{"line":9,"column":18},"end":{"line":9,"column":28}},"1":{"start":{"line":10,"column":2},"end":{"line":16,"column":4}}},"fnMap":{"0":{"name":"ExtendedNav","decl":{"start":{"line":8,"column":9},"end":{"line":8,"column":20}},"loc":{"start":{"line":8,"column":23},"end":{"line":17,"column":1}},"line":8}},"branchMap":{},"s":{"0":8,"1":8},"f":{"0":8},"b":{},"_coverageSchema":"1a1c01bbd47fc00a2c39e90264f33305004495a9","hash":"1b0af6b59c2f31c85f8c9a2170b567aa45557599"}
,"/home/haricb/Downloads/blink1/src/components/organisms/header/ExtendedNavItems.tsx": {"path":"/home/haricb/Downloads/blink1/src/components/organisms/header/ExtendedNavItems.tsx","statementMap":{"0":{"start":{"line":28,"column":18},"end":{"line":28,"column":28}},"1":{"start":{"line":29,"column":2},"end":{"line":192,"column":4}}},"fnMap":{"0":{"name":"ExtendedNavItems","decl":{"start":{"line":27,"column":9},"end":{"line":27,"column":25}},"loc":{"start":{"line":27,"column":28},"end":{"line":193,"column":1}},"line":27}},"branchMap":{},"s":{"0":8,"1":8},"f":{"0":8},"b":{},"_coverageSchema":"1a1c01bbd47fc00a2c39e90264f33305004495a9","hash":"0bf9dffe596e454767be72f9b307438e5c31b20a"}
,"/home/haricb/Downloads/blink1/src/components/organisms/header/Header.tsx": {"path":"/home/haricb/Downloads/blink1/src/components/organisms/header/Header.tsx","statementMap":{"0":{"start":{"line":13,"column":18},"end":{"line":13,"column":28}},"1":{"start":{"line":14,"column":34},"end":{"line":14,"column":68}},"2":{"start":{"line":15,"column":22},"end":{"line":17,"column":3}},"3":{"start":{"line":16,"column":4},"end":{"line":16,"column":41}},"4":{"start":{"line":18,"column":2},"end":{"line":21,"column":9}},"5":{"start":{"line":19,"column":4},"end":{"line":19,"column":51}},"6":{"start":{"line":20,"column":4},"end":{"line":20,"column":43}},"7":{"start":{"line":23,"column":2},"end":{"line":46,"column":4}}},"fnMap":{"0":{"name":"Header","decl":{"start":{"line":12,"column":9},"end":{"line":12,"column":15}},"loc":{"start":{"line":12,"column":18},"end":{"line":47,"column":1}},"line":12},"1":{"name":"(anonymous_1)","decl":{"start":{"line":15,"column":22},"end":{"line":15,"column":23}},"loc":{"start":{"line":15,"column":28},"end":{"line":17,"column":3}},"line":15},"2":{"name":"(anonymous_2)","decl":{"start":{"line":18,"column":12},"end":{"line":18,"column":13}},"loc":{"start":{"line":18,"column":18},"end":{"line":21,"column":3}},"line":18}},"branchMap":{"0":{"loc":{"start":{"line":29,"column":9},"end":{"line":43,"column":9}},"type":"cond-expr","locations":[{"start":{"line":30,"column":10},"end":{"line":36,"column":13}},{"start":{"line":38,"column":10},"end":{"line":42,"column":13}}],"line":29}},"s":{"0":10,"1":10,"2":10,"3":4,"4":10,"5":8,"6":8,"7":10},"f":{"0":10,"1":4,"2":8},"b":{"0":[0,10]},"_coverageSchema":"1a1c01bbd47fc00a2c39e90264f33305004495a9","hash":"6dfa21d8a46bdf9c1c71ee91067613bd3115368d"}
,"/home/haricb/Downloads/blink1/src/components/organisms/header/Tabs.tsx": {"path":"/home/haricb/Downloads/blink1/src/components/organisms/header/Tabs.tsx","statementMap":{"0":{"start":{"line":19,"column":47},"end":{"line":19,"column":52}},"1":{"start":{"line":21,"column":2},"end":{"line":35,"column":4}},"2":{"start":{"line":38,"column":2},"end":{"line":41,"column":4}},"3":{"start":{"line":44,"column":28},"end":{"line":44,"column":45}},"4":{"start":{"line":45,"column":18},"end":{"line":45,"column":28}},"5":{"start":{"line":46,"column":23},"end":{"line":51,"column":3}},"6":{"start":{"line":47,"column":4},"end":{"line":49,"column":57}},"7":{"start":{"line":50,"column":4},"end":{"line":50,"column":23}},"8":{"start":{"line":53,"column":2},"end":{"line":107,"column":4}}},"fnMap":{"0":{"name":"TabPanel","decl":{"start":{"line":18,"column":9},"end":{"line":18,"column":17}},"loc":{"start":{"line":18,"column":40},"end":{"line":36,"column":1}},"line":18},"1":{"name":"a11yProps","decl":{"start":{"line":37,"column":9},"end":{"line":37,"column":18}},"loc":{"start":{"line":37,"column":34},"end":{"line":42,"column":1}},"line":37},"2":{"name":"BasicTabs","decl":{"start":{"line":43,"column":24},"end":{"line":43,"column":33}},"loc":{"start":{"line":43,"column":36},"end":{"line":108,"column":1}},"line":43},"3":{"name":"(anonymous_3)","decl":{"start":{"line":46,"column":23},"end":{"line":46,"column":24}},"loc":{"start":{"line":46,"column":74},"end":{"line":51,"column":3}},"line":46}},"branchMap":{"0":{"loc":{"start":{"line":29,"column":7},"end":{"line":33,"column":7}},"type":"binary-expr","locations":[{"start":{"line":29,"column":7},"end":{"line":29,"column":22}},{"start":{"line":30,"column":8},"end":{"line":32,"column":14}}],"line":29},"1":{"loc":{"start":{"line":47,"column":4},"end":{"line":49,"column":56}},"type":"cond-expr","locations":[{"start":{"line":48,"column":8},"end":{"line":48,"column":55}},{"start":{"line":49,"column":8},"end":{"line":49,"column":56}}],"line":47}},"s":{"0":12,"1":12,"2":12,"3":6,"4":6,"5":6,"6":0,"7":0,"8":6},"f":{"0":12,"1":12,"2":6,"3":0},"b":{"0":[12,6],"1":[0,0]},"_coverageSchema":"1a1c01bbd47fc00a2c39e90264f33305004495a9","hash":"2f665fb7145597cab099a8718a54bcd9453dde6c"}
,"/home/haricb/Downloads/blink1/src/components/organisms/header/openMenu.tsx": {"path":"/home/haricb/Downloads/blink1/src/components/organisms/header/openMenu.tsx","statementMap":{"0":{"start":{"line":1,"column":24},"end":{"line":15,"column":1}},"1":{"start":{"line":3,"column":22},"end":{"line":3,"column":76}},"2":{"start":{"line":4,"column":18},"end":{"line":4,"column":67}},"3":{"start":{"line":7,"column":2},"end":{"line":14,"column":3}},"4":{"start":{"line":8,"column":4},"end":{"line":8,"column":40}},"5":{"start":{"line":9,"column":4},"end":{"line":9,"column":53}},"6":{"start":{"line":10,"column":4},"end":{"line":10,"column":48}},"7":{"start":{"line":12,"column":4},"end":{"line":12,"column":39}},"8":{"start":{"line":13,"column":4},"end":{"line":13,"column":40}}},"fnMap":{"0":{"name":"(anonymous_0)","decl":{"start":{"line":1,"column":24},"end":{"line":1,"column":25}},"loc":{"start":{"line":1,"column":30},"end":{"line":15,"column":1}},"line":1}},"branchMap":{"0":{"loc":{"start":{"line":7,"column":2},"end":{"line":14,"column":3}},"type":"if","locations":[{"start":{"line":7,"column":2},"end":{"line":14,"column":3}},{"start":{"line":11,"column":9},"end":{"line":14,"column":3}}],"line":7}},"s":{"0":2,"1":2,"2":2,"3":2,"4":1,"5":1,"6":1,"7":1,"8":1},"f":{"0":2},"b":{"0":[1,1]},"_coverageSchema":"1a1c01bbd47fc00a2c39e90264f33305004495a9","hash":"efac721cb04f9a6df756a5369dc200b0b866054b"}
,"/home/haricb/Downloads/blink1/src/components/pages/BookDetailPage.tsx": {"path":"/home/haricb/Downloads/blink1/src/components/pages/BookDetailPage.tsx","statementMap":{"0":{"start":{"line":11,"column":2},"end":{"line":15,"column":6}}},"fnMap":{"0":{"name":"BookDetailPage","decl":{"start":{"line":10,"column":9},"end":{"line":10,"column":23}},"loc":{"start":{"line":10,"column":26},"end":{"line":15,"column":7}},"line":10}},"branchMap":{},"s":{"0":1},"f":{"0":1},"b":{},"_coverageSchema":"1a1c01bbd47fc00a2c39e90264f33305004495a9","hash":"c459c2941e4686958873b30784ff68e66c2f7079"}
,"/home/haricb/Downloads/blink1/src/components/pages/EntrepreneurshipPage.tsx": {"path":"/home/haricb/Downloads/blink1/src/components/pages/EntrepreneurshipPage.tsx","statementMap":{"0":{"start":{"line":6,"column":2},"end":{"line":6,"column":58}},"1":{"start":{"line":8,"column":2},"end":{"line":10,"column":3}}},"fnMap":{"0":{"name":"EntrepreneurshipPage","decl":{"start":{"line":4,"column":9},"end":{"line":4,"column":29}},"loc":{"start":{"line":4,"column":32},"end":{"line":11,"column":1}},"line":4}},"branchMap":{},"s":{"0":1,"1":1},"f":{"0":1},"b":{},"_coverageSchema":"1a1c01bbd47fc00a2c39e90264f33305004495a9","hash":"2d3b9ff9e24d3d9f5638807d019a8616bc245b25"}
,"/home/haricb/Downloads/blink1/src/components/pages/LandingPage.tsx": {"path":"/home/haricb/Downloads/blink1/src/components/pages/LandingPage.tsx","statementMap":{"0":{"start":{"line":6,"column":2},"end":{"line":11,"column":3}}},"fnMap":{"0":{"name":"LandingPage","decl":{"start":{"line":5,"column":9},"end":{"line":5,"column":20}},"loc":{"start":{"line":5,"column":23},"end":{"line":12,"column":1}},"line":5}},"branchMap":{},"s":{"0":3},"f":{"0":3},"b":{},"_coverageSchema":"1a1c01bbd47fc00a2c39e90264f33305004495a9","hash":"35cb6ad7f0f505f0bb0c659172de6b7ce0b40645"}
,"/home/haricb/Downloads/blink1/src/stories/arrow.stories.tsx": {"path":"/home/haricb/Downloads/blink1/src/stories/arrow.stories.tsx","statementMap":{"0":{"start":{"line":9,"column":26},"end":{"line":17,"column":1}},"1":{"start":{"line":18,"column":23},"end":{"line":23,"column":1}},"2":{"start":{"line":19,"column":2},"end":{"line":22,"column":8}},"3":{"start":{"line":25,"column":25},"end":{"line":30,"column":3}},"4":{"start":{"line":26,"column":4},"end":{"line":29,"column":10}}},"fnMap":{"0":{"name":"(anonymous_0)","decl":{"start":{"line":18,"column":23},"end":{"line":18,"column":24}},"loc":{"start":{"line":19,"column":2},"end":{"line":22,"column":8}},"line":19},"1":{"name":"(anonymous_1)","decl":{"start":{"line":25,"column":25},"end":{"line":25,"column":26}},"loc":{"start":{"line":26,"column":4},"end":{"line":29,"column":10}},"line":26}},"branchMap":{},"s":{"0":0,"1":0,"2":0,"3":0,"4":0},"f":{"0":0,"1":0},"b":{}}
,"/home/haricb/Downloads/blink1/src/stories/bookdetail.stories.tsx": {"path":"/home/haricb/Downloads/blink1/src/stories/bookdetail.stories.tsx","statementMap":{"0":{"start":{"line":8,"column":26},"end":{"line":8,"column":46}},"1":{"start":{"line":8,"column":32},"end":{"line":8,"column":46}}},"fnMap":{"0":{"name":"(anonymous_0)","decl":{"start":{"line":8,"column":26},"end":{"line":8,"column":27}},"loc":{"start":{"line":8,"column":32},"end":{"line":8,"column":46}},"line":8}},"branchMap":{},"s":{"0":0,"1":0},"f":{"0":0},"b":{}}
,"/home/haricb/Downloads/blink1/src/stories/buttons.stories.tsx": {"path":"/home/haricb/Downloads/blink1/src/stories/buttons.stories.tsx","statementMap":{"0":{"start":{"line":12,"column":48},"end":{"line":14,"column":3}},"1":{"start":{"line":13,"column":4},"end":{"line":13,"column":24}},"2":{"start":{"line":16,"column":57},"end":{"line":16,"column":74}},"3":{"start":{"line":17,"column":0},"end":{"line":20,"column":2}},"4":{"start":{"line":23,"column":56},"end":{"line":23,"column":73}},"5":{"start":{"line":24,"column":0},"end":{"line":27,"column":2}}},"fnMap":{"0":{"name":"(anonymous_0)","decl":{"start":{"line":12,"column":48},"end":{"line":12,"column":49}},"loc":{"start":{"line":13,"column":4},"end":{"line":13,"column":24}},"line":13}},"branchMap":{},"s":{"0":0,"1":0,"2":0,"3":0,"4":0,"5":0},"f":{"0":0},"b":{}}
,"/home/haricb/Downloads/blink1/src/stories/cardMolecules.stories.tsx": {"path":"/home/haricb/Downloads/blink1/src/stories/cardMolecules.stories.tsx","statementMap":{"0":{"start":{"line":11,"column":22},"end":{"line":11,"column":38}},"1":{"start":{"line":11,"column":28},"end":{"line":11,"column":38}},"2":{"start":{"line":12,"column":28},"end":{"line":12,"column":77}},"3":{"start":{"line":12,"column":34},"end":{"line":12,"column":77}},"4":{"start":{"line":13,"column":20},"end":{"line":23,"column":1}},"5":{"start":{"line":14,"column":4},"end":{"line":22,"column":17}}},"fnMap":{"0":{"name":"(anonymous_0)","decl":{"start":{"line":11,"column":22},"end":{"line":11,"column":23}},"loc":{"start":{"line":11,"column":28},"end":{"line":11,"column":38}},"line":11},"1":{"name":"(anonymous_1)","decl":{"start":{"line":12,"column":28},"end":{"line":12,"column":29}},"loc":{"start":{"line":12,"column":34},"end":{"line":12,"column":77}},"line":12},"2":{"name":"(anonymous_2)","decl":{"start":{"line":13,"column":20},"end":{"line":13,"column":21}},"loc":{"start":{"line":14,"column":4},"end":{"line":22,"column":17}},"line":14}},"branchMap":{},"s":{"0":0,"1":0,"2":0,"3":0,"4":0,"5":0},"f":{"0":0,"1":0,"2":0},"b":{}}
,"/home/haricb/Downloads/blink1/src/stories/enterpreneurshipMolecules.stories.tsx": {"path":"/home/haricb/Downloads/blink1/src/stories/enterpreneurshipMolecules.stories.tsx","statementMap":{"0":{"start":{"line":8,"column":25},"end":{"line":8,"column":44}},"1":{"start":{"line":8,"column":31},"end":{"line":8,"column":44}}},"fnMap":{"0":{"name":"(anonymous_0)","decl":{"start":{"line":8,"column":25},"end":{"line":8,"column":26}},"loc":{"start":{"line":8,"column":31},"end":{"line":8,"column":44}},"line":8}},"branchMap":{},"s":{"0":0,"1":0},"f":{"0":0},"b":{}}
,"/home/haricb/Downloads/blink1/src/stories/exploreButton.stories.tsx": {"path":"/home/haricb/Downloads/blink1/src/stories/exploreButton.stories.tsx","statementMap":{"0":{"start":{"line":25,"column":20},"end":{"line":42,"column":1}},"1":{"start":{"line":43,"column":20},"end":{"line":51,"column":3}},"2":{"start":{"line":53,"column":25},"end":{"line":58,"column":4}},"3":{"start":{"line":53,"column":31},"end":{"line":58,"column":4}},"4":{"start":{"line":60,"column":27},"end":{"line":65,"column":4}},"5":{"start":{"line":60,"column":33},"end":{"line":65,"column":4}},"6":{"start":{"line":67,"column":24},"end":{"line":75,"column":1}},"7":{"start":{"line":68,"column":0},"end":{"line":73,"column":5}}},"fnMap":{"0":{"name":"(anonymous_0)","decl":{"start":{"line":53,"column":25},"end":{"line":53,"column":26}},"loc":{"start":{"line":53,"column":31},"end":{"line":58,"column":4}},"line":53},"1":{"name":"(anonymous_1)","decl":{"start":{"line":60,"column":27},"end":{"line":60,"column":28}},"loc":{"start":{"line":60,"column":33},"end":{"line":65,"column":4}},"line":60},"2":{"name":"(anonymous_2)","decl":{"start":{"line":67,"column":24},"end":{"line":67,"column":25}},"loc":{"start":{"line":68,"column":0},"end":{"line":73,"column":5}},"line":68}},"branchMap":{},"s":{"0":0,"1":0,"2":0,"3":0,"4":0,"5":0,"6":0,"7":0},"f":{"0":0,"1":0,"2":0},"b":{}}
,"/home/haricb/Downloads/blink1/src/stories/labels.stories.tsx": {"path":"/home/haricb/Downloads/blink1/src/stories/labels.stories.tsx","statementMap":{"0":{"start":{"line":12,"column":19},"end":{"line":20,"column":1}},"1":{"start":{"line":21,"column":18},"end":{"line":30,"column":1}},"2":{"start":{"line":32,"column":22},"end":{"line":36,"column":1}},"3":{"start":{"line":33,"column":2},"end":{"line":35,"column":8}},"4":{"start":{"line":38,"column":21},"end":{"line":42,"column":1}},"5":{"start":{"line":39,"column":2},"end":{"line":41,"column":8}},"6":{"start":{"line":43,"column":26},"end":{"line":43,"column":45}},"7":{"start":{"line":43,"column":32},"end":{"line":43,"column":45}},"8":{"start":{"line":44,"column":21},"end":{"line":44,"column":62}},"9":{"start":{"line":44,"column":27},"end":{"line":44,"column":62}},"10":{"start":{"line":45,"column":31},"end":{"line":45,"column":54}},"11":{"start":{"line":45,"column":36},"end":{"line":45,"column":54}},"12":{"start":{"line":49,"column":25},"end":{"line":49,"column":42}},"13":{"start":{"line":49,"column":30},"end":{"line":49,"column":42}}},"fnMap":{"0":{"name":"(anonymous_0)","decl":{"start":{"line":32,"column":22},"end":{"line":32,"column":23}},"loc":{"start":{"line":33,"column":2},"end":{"line":35,"column":8}},"line":33},"1":{"name":"(anonymous_1)","decl":{"start":{"line":38,"column":21},"end":{"line":38,"column":22}},"loc":{"start":{"line":39,"column":2},"end":{"line":41,"column":8}},"line":39},"2":{"name":"(anonymous_2)","decl":{"start":{"line":43,"column":26},"end":{"line":43,"column":27}},"loc":{"start":{"line":43,"column":32},"end":{"line":43,"column":45}},"line":43},"3":{"name":"(anonymous_3)","decl":{"start":{"line":44,"column":21},"end":{"line":44,"column":22}},"loc":{"start":{"line":44,"column":27},"end":{"line":44,"column":62}},"line":44},"4":{"name":"(anonymous_4)","decl":{"start":{"line":45,"column":31},"end":{"line":45,"column":32}},"loc":{"start":{"line":45,"column":36},"end":{"line":45,"column":54}},"line":45},"5":{"name":"(anonymous_5)","decl":{"start":{"line":49,"column":25},"end":{"line":49,"column":26}},"loc":{"start":{"line":49,"column":30},"end":{"line":49,"column":42}},"line":49}},"branchMap":{},"s":{"0":0,"1":0,"2":0,"3":0,"4":0,"5":0,"6":0,"7":0,"8":0,"9":0,"10":0,"11":0,"12":0,"13":0},"f":{"0":0,"1":0,"2":0,"3":0,"4":0,"5":0},"b":{}}
,"/home/haricb/Downloads/blink1/src/stories/molecules.stories.tsx": {"path":"/home/haricb/Downloads/blink1/src/stories/molecules.stories.tsx","statementMap":{"0":{"start":{"line":11,"column":26},"end":{"line":11,"column":52}},"1":{"start":{"line":11,"column":31},"end":{"line":11,"column":52}}},"fnMap":{"0":{"name":"(anonymous_0)","decl":{"start":{"line":11,"column":26},"end":{"line":11,"column":27}},"loc":{"start":{"line":11,"column":31},"end":{"line":11,"column":52}},"line":11}},"branchMap":{},"s":{"0":0,"1":0},"f":{"0":0},"b":{}}
,"/home/haricb/Downloads/blink1/src/stories/moleculesFooter.stories.tsx": {"path":"/home/haricb/Downloads/blink1/src/stories/moleculesFooter.stories.tsx","statementMap":{"0":{"start":{"line":7,"column":26},"end":{"line":7,"column":76}},"1":{"start":{"line":7,"column":32},"end":{"line":7,"column":76}},"2":{"start":{"line":8,"column":28},"end":{"line":8,"column":70}},"3":{"start":{"line":8,"column":34},"end":{"line":8,"column":70}}},"fnMap":{"0":{"name":"(anonymous_0)","decl":{"start":{"line":7,"column":26},"end":{"line":7,"column":27}},"loc":{"start":{"line":7,"column":32},"end":{"line":7,"column":76}},"line":7},"1":{"name":"(anonymous_1)","decl":{"start":{"line":8,"column":28},"end":{"line":8,"column":29}},"loc":{"start":{"line":8,"column":34},"end":{"line":8,"column":70}},"line":8}},"branchMap":{},"s":{"0":0,"1":0,"2":0,"3":0},"f":{"0":0,"1":0},"b":{}}
,"/home/haricb/Downloads/blink1/src/stories/organism.stories.tsx": {"path":"/home/haricb/Downloads/blink1/src/stories/organism.stories.tsx","statementMap":{"0":{"start":{"line":12,"column":22},"end":{"line":12,"column":38}},"1":{"start":{"line":12,"column":28},"end":{"line":12,"column":38}},"2":{"start":{"line":13,"column":32},"end":{"line":18,"column":1}},"3":{"start":{"line":14,"column":2},"end":{"line":17,"column":17}},"4":{"start":{"line":19,"column":22},"end":{"line":19,"column":38}},"5":{"start":{"line":19,"column":28},"end":{"line":19,"column":38}},"6":{"start":{"line":20,"column":27},"end":{"line":25,"column":1}},"7":{"start":{"line":21,"column":2},"end":{"line":24,"column":17}},"8":{"start":{"line":26,"column":22},"end":{"line":31,"column":1}},"9":{"start":{"line":27,"column":2},"end":{"line":30,"column":17}},"10":{"start":{"line":32,"column":20},"end":{"line":32,"column":34}},"11":{"start":{"line":32,"column":26},"end":{"line":32,"column":34}}},"fnMap":{"0":{"name":"(anonymous_0)","decl":{"start":{"line":12,"column":22},"end":{"line":12,"column":23}},"loc":{"start":{"line":12,"column":28},"end":{"line":12,"column":38}},"line":12},"1":{"name":"(anonymous_1)","decl":{"start":{"line":13,"column":32},"end":{"line":13,"column":33}},"loc":{"start":{"line":14,"column":2},"end":{"line":17,"column":17}},"line":14},"2":{"name":"(anonymous_2)","decl":{"start":{"line":19,"column":22},"end":{"line":19,"column":23}},"loc":{"start":{"line":19,"column":28},"end":{"line":19,"column":38}},"line":19},"3":{"name":"(anonymous_3)","decl":{"start":{"line":20,"column":27},"end":{"line":20,"column":28}},"loc":{"start":{"line":21,"column":2},"end":{"line":24,"column":17}},"line":21},"4":{"name":"(anonymous_4)","decl":{"start":{"line":26,"column":22},"end":{"line":26,"column":23}},"loc":{"start":{"line":27,"column":2},"end":{"line":30,"column":17}},"line":27},"5":{"name":"(anonymous_5)","decl":{"start":{"line":32,"column":20},"end":{"line":32,"column":21}},"loc":{"start":{"line":32,"column":26},"end":{"line":32,"column":34}},"line":32}},"branchMap":{},"s":{"0":0,"1":0,"2":0,"3":0,"4":0,"5":0,"6":0,"7":0,"8":0,"9":0,"10":0,"11":0},"f":{"0":0,"1":0,"2":0,"3":0,"4":0,"5":0},"b":{}}
,"/home/haricb/Downloads/blink1/src/stories/pages.stories.tsx": {"path":"/home/haricb/Downloads/blink1/src/stories/pages.stories.tsx","statementMap":{"0":{"start":{"line":12,"column":20},"end":{"line":16,"column":1}},"1":{"start":{"line":13,"column":2},"end":{"line":15,"column":17}},"2":{"start":{"line":17,"column":32},"end":{"line":21,"column":1}},"3":{"start":{"line":18,"column":2},"end":{"line":20,"column":17}},"4":{"start":{"line":22,"column":26},"end":{"line":27,"column":1}},"5":{"start":{"line":23,"column":2},"end":{"line":26,"column":17}}},"fnMap":{"0":{"name":"(anonymous_0)","decl":{"start":{"line":12,"column":20},"end":{"line":12,"column":21}},"loc":{"start":{"line":13,"column":2},"end":{"line":15,"column":17}},"line":13},"1":{"name":"(anonymous_1)","decl":{"start":{"line":17,"column":32},"end":{"line":17,"column":33}},"loc":{"start":{"line":18,"column":2},"end":{"line":20,"column":17}},"line":18},"2":{"name":"(anonymous_2)","decl":{"start":{"line":22,"column":26},"end":{"line":22,"column":27}},"loc":{"start":{"line":23,"column":2},"end":{"line":26,"column":17}},"line":23}},"branchMap":{},"s":{"0":0,"1":0,"2":0,"3":0,"4":0,"5":0},"f":{"0":0,"1":0,"2":0},"b":{}}
,"/home/haricb/Downloads/blink1/src/template/Template.tsx": {"path":"/home/haricb/Downloads/blink1/src/template/Template.tsx","statementMap":{"0":{"start":{"line":14,"column":18},"end":{"line":18,"column":3}},"1":{"start":{"line":15,"column":4},"end":{"line":17,"column":58}},"2":{"start":{"line":15,"column":25},"end":{"line":15,"column":41}},"3":{"start":{"line":16,"column":9},"end":{"line":17,"column":58}},"4":{"start":{"line":16,"column":42},"end":{"line":16,"column":70}},"5":{"start":{"line":17,"column":9},"end":{"line":17,"column":58}},"6":{"start":{"line":17,"column":36},"end":{"line":17,"column":58}},"7":{"start":{"line":20,"column":2},"end":{"line":26,"column":4}}},"fnMap":{"0":{"name":"Template","decl":{"start":{"line":13,"column":9},"end":{"line":13,"column":17}},"loc":{"start":{"line":13,"column":50},"end":{"line":27,"column":1}},"line":13},"1":{"name":"(anonymous_1)","decl":{"start":{"line":14,"column":18},"end":{"line":14,"column":19}},"loc":{"start":{"line":14,"column":24},"end":{"line":18,"column":3}},"line":14}},"branchMap":{"0":{"loc":{"start":{"line":15,"column":4},"end":{"line":17,"column":58}},"type":"if","locations":[{"start":{"line":15,"column":4},"end":{"line":17,"column":58}},{"start":{"line":16,"column":9},"end":{"line":17,"column":58}}],"line":15},"1":{"loc":{"start":{"line":16,"column":9},"end":{"line":17,"column":58}},"type":"if","locations":[{"start":{"line":16,"column":9},"end":{"line":17,"column":58}},{"start":{"line":17,"column":9},"end":{"line":17,"column":58}}],"line":16},"2":{"loc":{"start":{"line":17,"column":9},"end":{"line":17,"column":58}},"type":"if","locations":[{"start":{"line":17,"column":9},"end":{"line":17,"column":58}},{"start":{},"end":{}}],"line":17}},"s":{"0":7,"1":7,"2":4,"3":3,"4":2,"5":1,"6":1,"7":7},"f":{"0":7,"1":7},"b":{"0":[4,3],"1":[2,1],"2":[1,0]},"_coverageSchema":"1a1c01bbd47fc00a2c39e90264f33305004495a9","hash":"5cebed60cff8425756d119f0ea587047d9f03ba2"}
}
