TN:
SF:src/App.tsx
FN:21,App
FNF:1
FNH:1
FNDA:3,App
DA:22,3
DA:23,3
LF:2
LH:2
BRF:0
BRH:0
end_of_record
TN:
SF:src/cardStyle.tsx
FNF:0
FNH:0
DA:5,5
LF:1
LH:1
BRF:0
BRH:0
end_of_record
TN:
SF:src/footerStyle.tsx
FNF:0
FNH:0
DA:3,5
LF:1
LH:1
BRF:0
BRH:0
end_of_record
TN:
SF:src/index.tsx
FNF:0
FNH:0
DA:7,0
DA:17,0
LF:2
LH:0
BRF:0
BRH:0
end_of_record
TN:
SF:src/navStyle.tsx
FNF:0
FNH:0
DA:2,5
LF:1
LH:1
BRF:0
BRH:0
end_of_record
TN:
SF:src/reportWebVitals.ts
FN:3,(anonymous_0)
FN:5,(anonymous_1)
FNF:2
FNH:0
FNDA:0,(anonymous_0)
FNDA:0,(anonymous_1)
DA:3,0
DA:4,0
DA:5,0
DA:6,0
DA:7,0
DA:8,0
DA:9,0
DA:10,0
LF:8
LH:0
BRDA:4,0,0,0
BRDA:4,0,1,0
BRDA:4,1,0,0
BRDA:4,1,1,0
BRF:4
BRH:0
end_of_record
TN:
SF:src/styles.tsx
FNF:0
FNH:0
DA:3,4
LF:1
LH:1
BRF:0
BRH:0
end_of_record
TN:
SF:src/theme.tsx
FNF:0
FNH:0
DA:33,1
LF:1
LH:1
BRF:0
BRH:0
end_of_record
TN:
SF:src/components/atoms/reading/cardAtoms/AddToLibraryBottom.tsx
FN:20,AddToLibraryBottom
FN:22,handleChange
FNF:2
FNH:1
FNDA:61,AddToLibraryBottom
FNDA:0,handleChange
DA:10,5
DA:21,61
DA:25,0
DA:27,0
DA:31,0
DA:33,0
DA:35,0
DA:36,0
DA:37,0
DA:38,0
DA:39,0
DA:41,0
DA:42,0
DA:47,61
LF:14
LH:3
BRDA:27,0,0,0
BRDA:27,0,1,0
BRDA:33,1,0,0
BRDA:33,1,1,0
BRF:4
BRH:0
end_of_record
TN:
SF:src/components/atoms/reading/cardAtoms/AuthorName.tsx
FN:5,AuthorName
FNF:1
FNH:1
FNDA:71,AuthorName
DA:6,71
DA:7,71
LF:2
LH:2
BRF:0
BRH:0
end_of_record
TN:
SF:src/components/atoms/reading/cardAtoms/BookTitle.tsx
FN:5,BookTitle
FNF:1
FNH:1
FNDA:71,BookTitle
DA:6,71
DA:7,71
LF:2
LH:2
BRF:0
BRH:0
end_of_record
TN:
SF:src/components/atoms/reading/cardAtoms/Bottom.tsx
FN:18,Bottom
FN:21,handlechange
FN:42,handleread
FN:64,(anonymous_3)
FN:65,(anonymous_4)
FNF:5
FNH:5
FNDA:64,Bottom
FNDA:1,handlechange
FNDA:1,handleread
FNDA:11,(anonymous_3)
FNDA:1,(anonymous_4)
DA:19,64
DA:22,1
DA:23,1
DA:24,1
DA:27,1
DA:28,1
DA:31,1
DA:33,1
DA:34,1
DA:35,1
DA:36,1
DA:38,1
DA:40,1
DA:43,1
DA:44,1
DA:45,1
DA:49,1
DA:50,1
DA:53,1
DA:55,1
DA:56,1
DA:57,1
DA:58,1
DA:60,1
DA:61,1
DA:62,1
DA:63,1
DA:64,11
DA:66,1
DA:70,64
LF:30
LH:30
BRDA:25,0,0,1
BRDA:25,0,1,0
BRDA:27,1,0,1
BRDA:27,1,1,0
BRDA:29,2,0,1
BRDA:29,2,1,0
BRDA:46,3,0,1
BRDA:46,3,1,0
BRDA:49,4,0,1
BRDA:49,4,1,0
BRDA:51,5,0,1
BRDA:51,5,1,0
BRDA:72,6,0,1
BRDA:72,6,1,63
BRDA:80,7,0,61
BRDA:80,7,1,2
BRF:16
BRH:10
end_of_record
TN:
SF:src/components/atoms/reading/cardAtoms/Hamburger.tsx
FN:5,Hamburger
FNF:1
FNH:1
FNDA:1,Hamburger
DA:6,1
DA:7,1
LF:2
LH:2
BRF:0
BRH:0
end_of_record
TN:
SF:src/components/atoms/reading/cardAtoms/Time.tsx
FN:7,Time
FNF:1
FNH:1
FNDA:71,Time
DA:8,71
DA:9,71
LF:2
LH:2
BRF:0
BRH:0
end_of_record
TN:
SF:src/components/atoms/reading/extendedNavAtoms/HorizontalLine.tsx
FN:3,HorizontalLine
FNF:1
FNH:1
FNDA:8,HorizontalLine
DA:4,8
LF:1
LH:1
BRF:0
BRH:0
end_of_record
TN:
SF:src/components/atoms/reading/extendedNavAtoms/NavIcons.tsx
FN:13,NavIcons
FNF:1
FNH:1
FNDA:144,NavIcons
DA:14,144
DA:15,144
DA:19,144
DA:26,144
LF:4
LH:4
BRF:0
BRH:0
end_of_record
TN:
SF:src/components/atoms/reading/navAtoms/ExploreButton.tsx
FN:8,ExploreButton
FN:12,(anonymous_1)
FN:18,(anonymous_2)
FNF:3
FNH:3
FNDA:3,ExploreButton
FNDA:2,(anonymous_1)
FNDA:1,(anonymous_2)
DA:9,3
DA:10,3
DA:12,3
DA:13,2
DA:16,3
DA:18,1
LF:6
LH:6
BRDA:19,0,0,2
BRDA:19,0,1,1
BRF:2
BRH:2
end_of_record
TN:
SF:src/components/atoms/reading/navAtoms/MyLibrary.tsx
FN:5,MyLibrary
FNF:1
FNH:1
FNDA:1,MyLibrary
DA:6,1
DA:7,1
LF:2
LH:2
BRF:0
BRH:0
end_of_record
TN:
SF:src/components/molecules/Avator.tsx
FN:6,Avator
FNF:1
FNH:1
FNDA:10,Avator
DA:7,10
DA:8,10
LF:2
LH:2
BRF:0
BRH:0
end_of_record
TN:
SF:src/components/molecules/Card.tsx
FN:20,BookCard
FNF:1
FNH:1
FNDA:67,BookCard
DA:21,67
DA:22,64
DA:23,64
DA:24,64
LF:4
LH:4
BRF:0
BRH:0
end_of_record
TN:
SF:src/components/molecules/CardGrid.tsx
FN:13,CardGrid
FN:38,(anonymous_1)
FN:41,(anonymous_2)
FNF:3
FNH:3
FNDA:12,CardGrid
FNDA:132,(anonymous_1)
FNDA:3,(anonymous_2)
DA:14,12
DA:16,12
DA:21,12
DA:22,12
DA:23,7
DA:27,5
DA:28,5
DA:34,0
DA:37,12
DA:39,132
DA:42,3
DA:43,3
DA:44,3
DA:60,12
LF:14
LH:13
BRDA:16,0,0,7
BRDA:16,0,1,5
BRDA:18,1,0,5
BRDA:18,1,1,0
BRDA:22,2,0,7
BRDA:22,2,1,5
BRDA:24,3,0,7
BRDA:24,3,1,5
BRDA:27,4,0,5
BRDA:27,4,1,0
BRDA:29,5,0,5
BRDA:29,5,1,4
BRDA:34,6,0,0
BRDA:34,6,1,0
BRF:14
BRH:10
end_of_record
TN:
SF:src/components/molecules/TimeMolecule.tsx
FN:9,TimeMolecule
FNF:1
FNH:1
FNDA:70,TimeMolecule
DA:10,70
LF:1
LH:1
BRF:0
BRH:0
end_of_record
TN:
SF:src/components/molecules/bookDetail/AboutBook.tsx
FN:18,AboutBook
FN:22,(anonymous_1)
FN:26,(anonymous_2)
FNF:3
FNH:3
FNDA:8,AboutBook
FNDA:68,(anonymous_1)
FNDA:6,(anonymous_2)
DA:20,8
DA:21,8
DA:22,68
DA:24,6
DA:25,6
DA:26,6
DA:27,6
DA:29,6
DA:36,0
DA:38,0
DA:40,0
DA:44,6
LF:12
LH:9
BRDA:27,0,0,6
BRDA:27,0,1,0
BRDA:27,0,2,0
BRDA:27,0,3,0
BRF:4
BRH:1
end_of_record
TN:
SF:src/components/molecules/bookDetail/ButtonGrid.tsx
FN:5,ButtonGrid
FNF:1
FNH:1
FNDA:7,ButtonGrid
DA:6,7
DA:7,7
LF:2
LH:2
BRF:0
BRH:0
end_of_record
TN:
SF:src/components/molecules/enterpreneurship/BannerData.tsx
FN:4,BannerData
FNF:1
FNH:1
FNDA:10,BannerData
DA:5,10
LF:1
LH:1
BRF:0
BRH:0
end_of_record
TN:
SF:src/components/molecules/enterpreneurship/CardGrid.tsx
FN:7,CardGrid
FNF:1
FNH:1
FNDA:9,CardGrid
DA:8,9
DA:9,9
LF:2
LH:2
BRF:0
BRH:0
end_of_record
TN:
SF:src/components/molecules/enterpreneurship/GridOne.tsx
FN:13,GridOne
FN:19,(anonymous_1)
FN:23,(anonymous_2)
FNF:3
FNH:3
FNDA:9,GridOne
FNDA:99,(anonymous_1)
FNDA:44,(anonymous_2)
DA:14,9
DA:15,9
DA:16,9
DA:17,9
DA:20,99
DA:24,44
DA:25,44
DA:40,9
LF:8
LH:8
BRDA:20,0,0,99
BRDA:20,0,1,79
BRF:2
BRH:2
end_of_record
TN:
SF:src/components/molecules/enterpreneurship/GridThree.tsx
FN:13,GridThree
FN:19,(anonymous_1)
FN:23,(anonymous_2)
FNF:3
FNH:3
FNDA:8,GridThree
FNDA:88,(anonymous_1)
FNDA:21,(anonymous_2)
DA:14,8
DA:15,8
DA:16,8
DA:17,8
DA:20,88
DA:24,21
DA:26,21
DA:41,8
LF:8
LH:8
BRDA:20,0,0,88
BRDA:20,0,1,78
BRF:2
BRH:2
end_of_record
TN:
SF:src/components/molecules/enterpreneurship/GridTwo.tsx
FN:13,GridTwo
FN:19,(anonymous_1)
FN:23,(anonymous_2)
FNF:3
FNH:3
FNDA:8,GridTwo
FNDA:88,(anonymous_1)
FNDA:21,(anonymous_2)
DA:14,8
DA:15,8
DA:16,8
DA:17,8
DA:20,88
DA:24,21
DA:26,21
DA:41,8
LF:8
LH:8
BRDA:20,0,0,88
BRDA:20,0,1,78
BRF:2
BRH:2
end_of_record
TN:
SF:src/components/molecules/enterpreneurship/SearchBar.tsx
FN:7,(anonymous_0)
FN:15,SearchBar
FN:19,(anonymous_2)
FN:38,(anonymous_3)
FNF:4
FNH:4
FNDA:7,(anonymous_0)
FNDA:8,SearchBar
FNDA:8,(anonymous_2)
FNDA:1,(anonymous_3)
DA:7,7
DA:16,8
DA:17,8
DA:19,8
DA:21,8
DA:38,1
LF:6
LH:6
BRF:0
BRH:0
end_of_record
TN:
SF:src/components/molecules/enterpreneurship/StyledGrid.tsx
FNF:0
FNH:0
DA:4,5
LF:1
LH:1
BRF:0
BRH:0
end_of_record
TN:
SF:src/components/molecules/enterpreneurship/searchCard.tsx
FN:1,(anonymous_0)
FNF:1
FNH:1
FNDA:8,(anonymous_0)
DA:1,3
DA:2,8
DA:3,1
DA:4,1
DA:6,1
DA:12,1
DA:13,11
DA:14,11
DA:18,11
DA:21,11
DA:23,0
DA:27,0
LF:12
LH:10
BRDA:2,0,0,7
BRDA:2,0,1,1
BRDA:13,1,0,11
BRDA:13,1,1,0
BRDA:14,2,0,11
BRDA:14,2,1,0
BRDA:15,3,0,11
BRDA:15,3,1,11
BRDA:21,4,0,0
BRDA:21,4,1,11
BRDA:27,5,0,0
BRDA:27,5,1,0
BRF:12
BRH:7
end_of_record
TN:
SF:src/components/organisms/bookDetail/BookDetail.tsx
FN:11,BookDetail
FNF:1
FNH:1
FNDA:3,BookDetail
DA:12,3
DA:14,2
LF:2
LH:2
BRF:0
BRH:0
end_of_record
TN:
SF:src/components/organisms/bookDetail/BookDetailTab.tsx
FN:39,BookDetailTab
FN:43,(anonymous_1)
FNF:2
FNH:1
FNDA:6,BookDetailTab
FNDA:0,(anonymous_1)
DA:14,3
DA:43,6
DA:44,0
DA:46,6
LF:4
LH:3
BRDA:52,0,0,6
BRDA:52,0,1,0
BRDA:63,1,0,0
BRDA:63,1,1,6
BRDA:73,2,0,0
BRDA:73,2,1,6
BRF:6
BRH:3
end_of_record
TN:
SF:src/components/organisms/enterpreneurship/Banner.tsx
FN:5,Banner
FNF:1
FNH:1
FNDA:10,Banner
DA:6,10
LF:1
LH:1
BRF:0
BRH:0
end_of_record
TN:
SF:src/components/organisms/enterpreneurship/Enterpreneurship.tsx
FN:7,Enterpreneurship
FNF:1
FNH:1
FNDA:9,Enterpreneurship
DA:8,9
DA:9,9
DA:10,5
DA:12,9
LF:4
LH:4
BRDA:9,0,0,5
BRDA:9,0,1,4
BRF:2
BRH:2
end_of_record
TN:
SF:src/components/organisms/footer/Footer.tsx
FN:9,Footer
FNF:1
FNH:1
FNDA:20,Footer
DA:10,20
DA:11,20
LF:2
LH:2
BRF:0
BRH:0
end_of_record
TN:
SF:src/components/organisms/footer/FooterBottomRow.tsx
FN:9,FooterBottomRow
FNF:1
FNH:1
FNDA:80,FooterBottomRow
DA:10,80
DA:11,80
DA:15,80
DA:22,80
LF:4
LH:4
BRF:0
BRH:0
end_of_record
TN:
SF:src/components/organisms/footer/FooterIcon.tsx
FN:9,FooterIcon
FNF:1
FNH:1
FNDA:265,FooterIcon
DA:10,265
DA:11,265
DA:15,265
DA:22,265
LF:4
LH:4
BRF:0
BRH:0
end_of_record
TN:
SF:src/components/organisms/header/ExtendedNav.tsx
FN:8,ExtendedNav
FNF:1
FNH:1
FNDA:8,ExtendedNav
DA:9,8
DA:10,8
LF:2
LH:2
BRF:0
BRH:0
end_of_record
TN:
SF:src/components/organisms/header/ExtendedNavItems.tsx
FN:27,ExtendedNavItems
FNF:1
FNH:1
FNDA:8,ExtendedNavItems
DA:28,8
DA:29,8
LF:2
LH:2
BRF:0
BRH:0
end_of_record
TN:
SF:src/components/organisms/header/Header.tsx
FN:12,Header
FN:15,(anonymous_1)
FN:18,(anonymous_2)
FNF:3
FNH:3
FNDA:10,Header
FNDA:4,(anonymous_1)
FNDA:8,(anonymous_2)
DA:13,10
DA:14,10
DA:15,10
DA:16,4
DA:18,10
DA:19,8
DA:20,8
DA:23,10
LF:8
LH:8
BRDA:29,0,0,0
BRDA:29,0,1,10
BRF:2
BRH:1
end_of_record
TN:
SF:src/components/organisms/header/Tabs.tsx
FN:18,TabPanel
FN:37,a11yProps
FN:43,BasicTabs
FN:46,(anonymous_3)
FNF:4
FNH:3
FNDA:12,TabPanel
FNDA:12,a11yProps
FNDA:6,BasicTabs
FNDA:0,(anonymous_3)
DA:19,12
DA:21,12
DA:38,12
DA:44,6
DA:45,6
DA:46,6
DA:47,0
DA:50,0
DA:53,6
LF:9
LH:7
BRDA:29,0,0,12
BRDA:29,0,1,6
BRDA:47,1,0,0
BRDA:47,1,1,0
BRF:4
BRH:2
end_of_record
TN:
SF:src/components/organisms/header/openMenu.tsx
FN:1,(anonymous_0)
FNF:1
FNH:1
FNDA:2,(anonymous_0)
DA:1,2
DA:3,2
DA:4,2
DA:7,2
DA:8,1
DA:9,1
DA:10,1
DA:12,1
DA:13,1
LF:9
LH:9
BRDA:7,0,0,1
BRDA:7,0,1,1
BRF:2
BRH:2
end_of_record
TN:
SF:src/components/pages/BookDetailPage.tsx
FN:10,BookDetailPage
FNF:1
FNH:1
FNDA:1,BookDetailPage
DA:11,1
LF:1
LH:1
BRF:0
BRH:0
end_of_record
TN:
SF:src/components/pages/EntrepreneurshipPage.tsx
FN:4,EntrepreneurshipPage
FNF:1
FNH:1
FNDA:1,EntrepreneurshipPage
DA:6,1
DA:8,1
LF:2
LH:2
BRF:0
BRH:0
end_of_record
TN:
SF:src/components/pages/LandingPage.tsx
FN:5,LandingPage
FNF:1
FNH:1
FNDA:3,LandingPage
DA:6,3
LF:1
LH:1
BRF:0
BRH:0
end_of_record
TN:
SF:src/stories/arrow.stories.tsx
FN:18,(anonymous_0)
FN:25,(anonymous_1)
FNF:2
FNH:0
FNDA:0,(anonymous_0)
FNDA:0,(anonymous_1)
DA:9,0
DA:18,0
DA:19,0
DA:25,0
DA:26,0
LF:5
LH:0
BRF:0
BRH:0
end_of_record
TN:
SF:src/stories/bookdetail.stories.tsx
FN:8,(anonymous_0)
FNF:1
FNH:0
FNDA:0,(anonymous_0)
DA:8,0
LF:1
LH:0
BRF:0
BRH:0
end_of_record
TN:
SF:src/stories/buttons.stories.tsx
FN:12,(anonymous_0)
FNF:1
FNH:0
FNDA:0,(anonymous_0)
DA:12,0
DA:13,0
DA:16,0
DA:17,0
DA:23,0
DA:24,0
LF:6
LH:0
BRF:0
BRH:0
end_of_record
TN:
SF:src/stories/cardMolecules.stories.tsx
FN:11,(anonymous_0)
FN:12,(anonymous_1)
FN:13,(anonymous_2)
FNF:3
FNH:0
FNDA:0,(anonymous_0)
FNDA:0,(anonymous_1)
FNDA:0,(anonymous_2)
DA:11,0
DA:12,0
DA:13,0
DA:14,0
LF:4
LH:0
BRF:0
BRH:0
end_of_record
TN:
SF:src/stories/enterpreneurshipMolecules.stories.tsx
FN:8,(anonymous_0)
FNF:1
FNH:0
FNDA:0,(anonymous_0)
DA:8,0
LF:1
LH:0
BRF:0
BRH:0
end_of_record
TN:
SF:src/stories/exploreButton.stories.tsx
FN:53,(anonymous_0)
FN:60,(anonymous_1)
FN:67,(anonymous_2)
FNF:3
FNH:0
FNDA:0,(anonymous_0)
FNDA:0,(anonymous_1)
FNDA:0,(anonymous_2)
DA:25,0
DA:43,0
DA:53,0
DA:60,0
DA:67,0
DA:68,0
LF:6
LH:0
BRF:0
BRH:0
end_of_record
TN:
SF:src/stories/labels.stories.tsx
FN:32,(anonymous_0)
FN:38,(anonymous_1)
FN:43,(anonymous_2)
FN:44,(anonymous_3)
FN:45,(anonymous_4)
FN:49,(anonymous_5)
FNF:6
FNH:0
FNDA:0,(anonymous_0)
FNDA:0,(anonymous_1)
FNDA:0,(anonymous_2)
FNDA:0,(anonymous_3)
FNDA:0,(anonymous_4)
FNDA:0,(anonymous_5)
DA:12,0
DA:21,0
DA:32,0
DA:33,0
DA:38,0
DA:39,0
DA:43,0
DA:44,0
DA:45,0
DA:49,0
LF:10
LH:0
BRF:0
BRH:0
end_of_record
TN:
SF:src/stories/molecules.stories.tsx
FN:11,(anonymous_0)
FNF:1
FNH:0
FNDA:0,(anonymous_0)
DA:11,0
LF:1
LH:0
BRF:0
BRH:0
end_of_record
TN:
SF:src/stories/moleculesFooter.stories.tsx
FN:7,(anonymous_0)
FN:8,(anonymous_1)
FNF:2
FNH:0
FNDA:0,(anonymous_0)
FNDA:0,(anonymous_1)
DA:7,0
DA:8,0
LF:2
LH:0
BRF:0
BRH:0
end_of_record
TN:
SF:src/stories/organism.stories.tsx
FN:12,(anonymous_0)
FN:13,(anonymous_1)
FN:19,(anonymous_2)
FN:20,(anonymous_3)
FN:26,(anonymous_4)
FN:32,(anonymous_5)
FNF:6
FNH:0
FNDA:0,(anonymous_0)
FNDA:0,(anonymous_1)
FNDA:0,(anonymous_2)
FNDA:0,(anonymous_3)
FNDA:0,(anonymous_4)
FNDA:0,(anonymous_5)
DA:12,0
DA:13,0
DA:14,0
DA:19,0
DA:20,0
DA:21,0
DA:26,0
DA:27,0
DA:32,0
LF:9
LH:0
BRF:0
BRH:0
end_of_record
TN:
SF:src/stories/pages.stories.tsx
FN:12,(anonymous_0)
FN:17,(anonymous_1)
FN:22,(anonymous_2)
FNF:3
FNH:0
FNDA:0,(anonymous_0)
FNDA:0,(anonymous_1)
FNDA:0,(anonymous_2)
DA:12,0
DA:13,0
DA:17,0
DA:18,0
DA:22,0
DA:23,0
LF:6
LH:0
BRF:0
BRH:0
end_of_record
TN:
SF:src/template/Template.tsx
FN:13,Template
FN:14,(anonymous_1)
FNF:2
FNH:2
FNDA:7,Template
FNDA:7,(anonymous_1)
DA:14,7
DA:15,7
DA:16,3
DA:17,1
DA:20,7
LF:5
LH:5
BRDA:15,0,0,4
BRDA:15,0,1,3
BRDA:16,1,0,2
BRDA:16,1,1,1
BRDA:17,2,0,1
BRDA:17,2,1,0
BRF:6
BRH:5
end_of_record
